[0.905s] Invoking command in '/home/mapy/skycam_ws/src/skycam_control': PYTHONPATH=/home/mapy/skycam_ws/build/skycam_control/prefix_override:/usr/lib/python3/dist-packages/colcon_core/task/python/colcon_distutils_commands:/home/mapy/skycam_ws/install/skycam_control/lib/python3.10/site-packages:${PYTHONPATH} /usr/bin/python3 -W ignore:setup.py install is deprecated -W ignore:easy_install command is deprecated setup.py egg_info --egg-base ../../build/skycam_control build --build-base /home/mapy/skycam_ws/build/skycam_control/build install --record /home/mapy/skycam_ws/build/skycam_control/install.log --single-version-externally-managed install_data
[1.213s] running egg_info
[1.214s] writing ../../build/skycam_control/skycam_control.egg-info/PKG-INFO
[1.215s] writing dependency_links to ../../build/skycam_control/skycam_control.egg-info/dependency_links.txt
[1.215s] writing entry points to ../../build/skycam_control/skycam_control.egg-info/entry_points.txt
[1.215s] writing requirements to ../../build/skycam_control/skycam_control.egg-info/requires.txt
[1.216s] writing top-level names to ../../build/skycam_control/skycam_control.egg-info/top_level.txt
[1.219s] reading manifest file '../../build/skycam_control/skycam_control.egg-info/SOURCES.txt'
[1.220s] writing manifest file '../../build/skycam_control/skycam_control.egg-info/SOURCES.txt'
[1.220s] running build
[1.220s] running build_py
[1.221s] copying skycam_control/skycam_four_cables.py -> /home/mapy/skycam_ws/build/skycam_control/build/lib/skycam_control
[1.221s] copying skycam_control/skycam_trajectory_planner.py -> /home/mapy/skycam_ws/build/skycam_control/build/lib/skycam_control
[1.222s] copying skycam_control/skycam_ai_tracker.py -> /home/mapy/skycam_ws/build/skycam_control/build/lib/skycam_control
[1.222s] running install
[1.223s] running install_lib
[1.224s] copying /home/mapy/skycam_ws/build/skycam_control/build/lib/skycam_control/skycam_four_cables.py -> /home/mapy/skycam_ws/install/skycam_control/lib/python3.10/site-packages/skycam_control
[1.224s] copying /home/mapy/skycam_ws/build/skycam_control/build/lib/skycam_control/skycam_trajectory_planner.py -> /home/mapy/skycam_ws/install/skycam_control/lib/python3.10/site-packages/skycam_control
[1.224s] copying /home/mapy/skycam_ws/build/skycam_control/build/lib/skycam_control/skycam_ai_tracker.py -> /home/mapy/skycam_ws/install/skycam_control/lib/python3.10/site-packages/skycam_control
[1.225s] byte-compiling /home/mapy/skycam_ws/install/skycam_control/lib/python3.10/site-packages/skycam_control/skycam_four_cables.py to skycam_four_cables.cpython-310.pyc
[1.227s] byte-compiling /home/mapy/skycam_ws/install/skycam_control/lib/python3.10/site-packages/skycam_control/skycam_trajectory_planner.py to skycam_trajectory_planner.cpython-310.pyc
[1.229s] byte-compiling /home/mapy/skycam_ws/install/skycam_control/lib/python3.10/site-packages/skycam_control/skycam_ai_tracker.py to skycam_ai_tracker.cpython-310.pyc
[1.230s] running install_data
[1.231s] running install_egg_info
[1.233s] removing '/home/mapy/skycam_ws/install/skycam_control/lib/python3.10/site-packages/skycam_control-0.0.0-py3.10.egg-info' (and everything under it)
[1.234s] Copying ../../build/skycam_control/skycam_control.egg-info to /home/mapy/skycam_ws/install/skycam_control/lib/python3.10/site-packages/skycam_control-0.0.0-py3.10.egg-info
[1.235s] running install_scripts
[1.258s] Installing ball_mover script to /home/mapy/skycam_ws/install/skycam_control/lib/skycam_control
[1.279s] Installing skycam_ai_tracker script to /home/mapy/skycam_ws/install/skycam_control/lib/skycam_control
[1.279s] Installing skycam_cable_1 script to /home/mapy/skycam_ws/install/skycam_control/lib/skycam_control
[1.279s] Installing skycam_commander script to /home/mapy/skycam_ws/install/skycam_control/lib/skycam_control
[1.280s] Installing skycam_controller script to /home/mapy/skycam_ws/install/skycam_control/lib/skycam_control
[1.280s] Installing skycam_dynamics script to /home/mapy/skycam_ws/install/skycam_control/lib/skycam_control
[1.280s] Installing skycam_force_test script to /home/mapy/skycam_ws/install/skycam_control/lib/skycam_control
[1.280s] Installing skycam_four_cables script to /home/mapy/skycam_ws/install/skycam_control/lib/skycam_control
[1.280s] Installing skycam_goal_sender script to /home/mapy/skycam_ws/install/skycam_control/lib/skycam_control
[1.281s] Installing skycam_trajectory_planner script to /home/mapy/skycam_ws/install/skycam_control/lib/skycam_control
[1.282s] writing list of installed files to '/home/mapy/skycam_ws/build/skycam_control/install.log'
[1.307s] Invoked command in '/home/mapy/skycam_ws/src/skycam_control' returned '0': PYTHONPATH=/home/mapy/skycam_ws/build/skycam_control/prefix_override:/usr/lib/python3/dist-packages/colcon_core/task/python/colcon_distutils_commands:/home/mapy/skycam_ws/install/skycam_control/lib/python3.10/site-packages:${PYTHONPATH} /usr/bin/python3 -W ignore:setup.py install is deprecated -W ignore:easy_install command is deprecated setup.py egg_info --egg-base ../../build/skycam_control build --build-base /home/mapy/skycam_ws/build/skycam_control/build install --record /home/mapy/skycam_ws/build/skycam_control/install.log --single-version-externally-managed install_data
