[7.033s] Invoking command in '/home/mapy/skycam_ws/src/skycam_control': PYTHONPATH=/home/mapy/skycam_ws/build/skycam_control/prefix_override:/usr/lib/python3/dist-packages/colcon_core/task/python/colcon_distutils_commands:/home/mapy/skycam_ws/install/skycam_control/lib/python3.10/site-packages:${PYTHONPATH} /usr/bin/python3 -W ignore:setup.py install is deprecated -W ignore:easy_install command is deprecated setup.py egg_info --egg-base ../../build/skycam_control build --build-base /home/mapy/skycam_ws/build/skycam_control/build install --record /home/mapy/skycam_ws/build/skycam_control/install.log --single-version-externally-managed install_data
[7.336s] running egg_info
[7.337s] writing ../../build/skycam_control/skycam_control.egg-info/PKG-INFO
[7.353s] writing dependency_links to ../../build/skycam_control/skycam_control.egg-info/dependency_links.txt
[7.356s] writing entry points to ../../build/skycam_control/skycam_control.egg-info/entry_points.txt
[7.361s] writing requirements to ../../build/skycam_control/skycam_control.egg-info/requires.txt
[7.367s] writing top-level names to ../../build/skycam_control/skycam_control.egg-info/top_level.txt
[7.402s] reading manifest file '../../build/skycam_control/skycam_control.egg-info/SOURCES.txt'
[7.404s] writing manifest file '../../build/skycam_control/skycam_control.egg-info/SOURCES.txt'
[7.454s] running build
[7.454s] running build_py
[7.457s] running install
[7.458s] running install_lib
[7.465s] running install_data
[7.466s] running install_egg_info
[7.471s] removing '/home/mapy/skycam_ws/install/skycam_control/lib/python3.10/site-packages/skycam_control-0.0.0-py3.10.egg-info' (and everything under it)
[7.473s] Copying ../../build/skycam_control/skycam_control.egg-info to /home/mapy/skycam_ws/install/skycam_control/lib/python3.10/site-packages/skycam_control-0.0.0-py3.10.egg-info
[7.520s] running install_scripts
[7.566s] Installing ball_mover script to /home/mapy/skycam_ws/install/skycam_control/lib/skycam_control
[7.566s] Installing skycam_ai_tracker script to /home/mapy/skycam_ws/install/skycam_control/lib/skycam_control
[7.566s] Installing skycam_cable_1 script to /home/mapy/skycam_ws/install/skycam_control/lib/skycam_control
[7.566s] Installing skycam_commander script to /home/mapy/skycam_ws/install/skycam_control/lib/skycam_control
[7.566s] Installing skycam_controller script to /home/mapy/skycam_ws/install/skycam_control/lib/skycam_control
[7.566s] Installing skycam_dynamics script to /home/mapy/skycam_ws/install/skycam_control/lib/skycam_control
[7.567s] Installing skycam_force_test script to /home/mapy/skycam_ws/install/skycam_control/lib/skycam_control
[7.567s] Installing skycam_four_cables script to /home/mapy/skycam_ws/install/skycam_control/lib/skycam_control
[7.570s] Installing skycam_goal_sender script to /home/mapy/skycam_ws/install/skycam_control/lib/skycam_control
[7.570s] Installing skycam_trajectory_planner script to /home/mapy/skycam_ws/install/skycam_control/lib/skycam_control
[7.570s] writing list of installed files to '/home/mapy/skycam_ws/build/skycam_control/install.log'
[7.600s] Invoked command in '/home/mapy/skycam_ws/src/skycam_control' returned '0': PYTHONPATH=/home/mapy/skycam_ws/build/skycam_control/prefix_override:/usr/lib/python3/dist-packages/colcon_core/task/python/colcon_distutils_commands:/home/mapy/skycam_ws/install/skycam_control/lib/python3.10/site-packages:${PYTHONPATH} /usr/bin/python3 -W ignore:setup.py install is deprecated -W ignore:easy_install command is deprecated setup.py egg_info --egg-base ../../build/skycam_control build --build-base /home/mapy/skycam_ws/build/skycam_control/build install --record /home/mapy/skycam_ws/build/skycam_control/install.log --single-version-externally-managed install_data
