[0.879s] Invoking command in '/home/mapy/skycam_ws/src/skycam_control': PYTHONPATH=/home/mapy/skycam_ws/build/skycam_control/prefix_override:/usr/lib/python3/dist-packages/colcon_core/task/python/colcon_distutils_commands:/home/mapy/skycam_ws/install/skycam_control/lib/python3.10/site-packages:${PYTHONPATH} /usr/bin/python3 -W ignore:setup.py install is deprecated -W ignore:easy_install command is deprecated setup.py egg_info --egg-base ../../build/skycam_control build --build-base /home/mapy/skycam_ws/build/skycam_control/build install --record /home/mapy/skycam_ws/build/skycam_control/install.log --single-version-externally-managed install_data
[1.243s] running egg_info
[1.243s] writing ../../build/skycam_control/skycam_control.egg-info/PKG-INFO
[1.244s] writing dependency_links to ../../build/skycam_control/skycam_control.egg-info/dependency_links.txt
[1.244s] writing entry points to ../../build/skycam_control/skycam_control.egg-info/entry_points.txt
[1.244s] writing requirements to ../../build/skycam_control/skycam_control.egg-info/requires.txt
[1.244s] writing top-level names to ../../build/skycam_control/skycam_control.egg-info/top_level.txt
[1.248s] reading manifest file '../../build/skycam_control/skycam_control.egg-info/SOURCES.txt'
[1.250s] writing manifest file '../../build/skycam_control/skycam_control.egg-info/SOURCES.txt'
[1.250s] running build
[1.250s] running build_py
[1.251s] running install
[1.252s] running install_lib
[1.254s] running install_data
[1.254s] running install_egg_info
[1.257s] removing '/home/mapy/skycam_ws/install/skycam_control/lib/python3.10/site-packages/skycam_control-0.0.0-py3.10.egg-info' (and everything under it)
[1.257s] Copying ../../build/skycam_control/skycam_control.egg-info to /home/mapy/skycam_ws/install/skycam_control/lib/python3.10/site-packages/skycam_control-0.0.0-py3.10.egg-info
[1.258s] running install_scripts
[1.289s] Installing ball_mover script to /home/mapy/skycam_ws/install/skycam_control/lib/skycam_control
[1.289s] Installing skycam_ai_tracker script to /home/mapy/skycam_ws/install/skycam_control/lib/skycam_control
[1.290s] Installing skycam_cable_1 script to /home/mapy/skycam_ws/install/skycam_control/lib/skycam_control
[1.290s] Installing skycam_commander script to /home/mapy/skycam_ws/install/skycam_control/lib/skycam_control
[1.290s] Installing skycam_controller script to /home/mapy/skycam_ws/install/skycam_control/lib/skycam_control
[1.290s] Installing skycam_dynamics script to /home/mapy/skycam_ws/install/skycam_control/lib/skycam_control
[1.290s] Installing skycam_force_test script to /home/mapy/skycam_ws/install/skycam_control/lib/skycam_control
[1.290s] Installing skycam_four_cables script to /home/mapy/skycam_ws/install/skycam_control/lib/skycam_control
[1.291s] Installing skycam_goal_sender script to /home/mapy/skycam_ws/install/skycam_control/lib/skycam_control
[1.291s] Installing skycam_trajectory_planner script to /home/mapy/skycam_ws/install/skycam_control/lib/skycam_control
[1.291s] writing list of installed files to '/home/mapy/skycam_ws/build/skycam_control/install.log'
[1.329s] Invoked command in '/home/mapy/skycam_ws/src/skycam_control' returned '0': PYTHONPATH=/home/mapy/skycam_ws/build/skycam_control/prefix_override:/usr/lib/python3/dist-packages/colcon_core/task/python/colcon_distutils_commands:/home/mapy/skycam_ws/install/skycam_control/lib/python3.10/site-packages:${PYTHONPATH} /usr/bin/python3 -W ignore:setup.py install is deprecated -W ignore:easy_install command is deprecated setup.py egg_info --egg-base ../../build/skycam_control build --build-base /home/mapy/skycam_ws/build/skycam_control/build install --record /home/mapy/skycam_ws/build/skycam_control/install.log --single-version-externally-managed install_data
