[2.374s] Invoking command in '/home/mapy/skycam_ws/src/skycam_control': PYTHONPATH=/home/mapy/skycam_ws/build/skycam_control/prefix_override:/usr/lib/python3/dist-packages/colcon_core/task/python/colcon_distutils_commands:/home/mapy/skycam_ws/install/skycam_control/lib/python3.10/site-packages:${PYTHONPATH} /usr/bin/python3 -W ignore:setup.py install is deprecated -W ignore:easy_install command is deprecated setup.py egg_info --egg-base ../../build/skycam_control build --build-base /home/mapy/skycam_ws/build/skycam_control/build install --record /home/mapy/skycam_ws/build/skycam_control/install.log --single-version-externally-managed install_data
[2.684s] running egg_info
[2.685s] writing ../../build/skycam_control/skycam_control.egg-info/PKG-INFO
[2.685s] writing dependency_links to ../../build/skycam_control/skycam_control.egg-info/dependency_links.txt
[2.686s] writing entry points to ../../build/skycam_control/skycam_control.egg-info/entry_points.txt
[2.686s] writing requirements to ../../build/skycam_control/skycam_control.egg-info/requires.txt
[2.686s] writing top-level names to ../../build/skycam_control/skycam_control.egg-info/top_level.txt
[2.688s] reading manifest file '../../build/skycam_control/skycam_control.egg-info/SOURCES.txt'
[2.697s] writing manifest file '../../build/skycam_control/skycam_control.egg-info/SOURCES.txt'
[2.697s] running build
[2.697s] running build_py
[2.698s] copying skycam_control/skycam_cable_1.py -> /home/mapy/skycam_ws/build/skycam_control/build/lib/skycam_control
[2.698s] running install
[2.699s] running install_lib
[2.700s] copying /home/mapy/skycam_ws/build/skycam_control/build/lib/skycam_control/skycam_cable_1.py -> /home/mapy/skycam_ws/install/skycam_control/lib/python3.10/site-packages/skycam_control
[2.701s] byte-compiling /home/mapy/skycam_ws/install/skycam_control/lib/python3.10/site-packages/skycam_control/skycam_cable_1.py to skycam_cable_1.cpython-310.pyc
[2.703s] running install_data
[2.704s] running install_egg_info
[2.706s] removing '/home/mapy/skycam_ws/install/skycam_control/lib/python3.10/site-packages/skycam_control-0.0.0-py3.10.egg-info' (and everything under it)
[2.707s] Copying ../../build/skycam_control/skycam_control.egg-info to /home/mapy/skycam_ws/install/skycam_control/lib/python3.10/site-packages/skycam_control-0.0.0-py3.10.egg-info
[2.721s] running install_scripts
[2.751s] Installing skycam_cable_1 script to /home/mapy/skycam_ws/install/skycam_control/lib/skycam_control
[2.751s] Installing skycam_controller script to /home/mapy/skycam_ws/install/skycam_control/lib/skycam_control
[2.752s] Installing skycam_dynamics script to /home/mapy/skycam_ws/install/skycam_control/lib/skycam_control
[2.752s] Installing skycam_force_test script to /home/mapy/skycam_ws/install/skycam_control/lib/skycam_control
[2.752s] Installing skycam_goal_sender script to /home/mapy/skycam_ws/install/skycam_control/lib/skycam_control
[2.753s] writing list of installed files to '/home/mapy/skycam_ws/build/skycam_control/install.log'
[2.779s] Invoked command in '/home/mapy/skycam_ws/src/skycam_control' returned '0': PYTHONPATH=/home/mapy/skycam_ws/build/skycam_control/prefix_override:/usr/lib/python3/dist-packages/colcon_core/task/python/colcon_distutils_commands:/home/mapy/skycam_ws/install/skycam_control/lib/python3.10/site-packages:${PYTHONPATH} /usr/bin/python3 -W ignore:setup.py install is deprecated -W ignore:easy_install command is deprecated setup.py egg_info --egg-base ../../build/skycam_control build --build-base /home/mapy/skycam_ws/build/skycam_control/build install --record /home/mapy/skycam_ws/build/skycam_control/install.log --single-version-externally-managed install_data
