[6.875s] Invoking command in '/home/mapy/skycam_ws/src/skycam_control': PYTHONPATH=/home/mapy/skycam_ws/build/skycam_control/prefix_override:/usr/lib/python3/dist-packages/colcon_core/task/python/colcon_distutils_commands:/home/mapy/skycam_ws/install/skycam_control/lib/python3.10/site-packages:${PYTHONPATH} /usr/bin/python3 -W ignore:setup.py install is deprecated -W ignore:easy_install command is deprecated setup.py egg_info --egg-base ../../build/skycam_control build --build-base /home/mapy/skycam_ws/build/skycam_control/build install --record /home/mapy/skycam_ws/build/skycam_control/install.log --single-version-externally-managed install_data
[7.206s] running egg_info
[7.207s] writing ../../build/skycam_control/skycam_control.egg-info/PKG-INFO
[7.207s] writing dependency_links to ../../build/skycam_control/skycam_control.egg-info/dependency_links.txt
[7.208s] writing entry points to ../../build/skycam_control/skycam_control.egg-info/entry_points.txt
[7.208s] writing requirements to ../../build/skycam_control/skycam_control.egg-info/requires.txt
[7.208s] writing top-level names to ../../build/skycam_control/skycam_control.egg-info/top_level.txt
[7.211s] reading manifest file '../../build/skycam_control/skycam_control.egg-info/SOURCES.txt'
[7.284s] writing manifest file '../../build/skycam_control/skycam_control.egg-info/SOURCES.txt'
[7.284s] running build
[7.285s] running build_py
[7.285s] copying skycam_control/ball_mover.py -> /home/mapy/skycam_ws/build/skycam_control/build/lib/skycam_control
[7.463s] copying skycam_control/skycam_trajectory_planner.py -> /home/mapy/skycam_ws/build/skycam_control/build/lib/skycam_control
[7.598s] copying skycam_control/skycam_ai_tracker.py -> /home/mapy/skycam_ws/build/skycam_control/build/lib/skycam_control
[7.674s] running install
[7.674s] running install_lib
[7.675s] copying /home/mapy/skycam_ws/build/skycam_control/build/lib/skycam_control/ball_mover.py -> /home/mapy/skycam_ws/install/skycam_control/lib/python3.10/site-packages/skycam_control
[7.676s] copying /home/mapy/skycam_ws/build/skycam_control/build/lib/skycam_control/skycam_trajectory_planner.py -> /home/mapy/skycam_ws/install/skycam_control/lib/python3.10/site-packages/skycam_control
[7.676s] copying /home/mapy/skycam_ws/build/skycam_control/build/lib/skycam_control/skycam_ai_tracker.py -> /home/mapy/skycam_ws/install/skycam_control/lib/python3.10/site-packages/skycam_control
[7.677s] byte-compiling /home/mapy/skycam_ws/install/skycam_control/lib/python3.10/site-packages/skycam_control/ball_mover.py to ball_mover.cpython-310.pyc
[7.677s] byte-compiling /home/mapy/skycam_ws/install/skycam_control/lib/python3.10/site-packages/skycam_control/skycam_trajectory_planner.py to skycam_trajectory_planner.cpython-310.pyc
[7.679s] byte-compiling /home/mapy/skycam_ws/install/skycam_control/lib/python3.10/site-packages/skycam_control/skycam_ai_tracker.py to skycam_ai_tracker.cpython-310.pyc
[7.680s] running install_data
[7.680s] running install_egg_info
[7.682s] removing '/home/mapy/skycam_ws/install/skycam_control/lib/python3.10/site-packages/skycam_control-0.0.0-py3.10.egg-info' (and everything under it)
[7.682s] Copying ../../build/skycam_control/skycam_control.egg-info to /home/mapy/skycam_ws/install/skycam_control/lib/python3.10/site-packages/skycam_control-0.0.0-py3.10.egg-info
[7.793s] running install_scripts
[7.818s] Installing ball_mover script to /home/mapy/skycam_ws/install/skycam_control/lib/skycam_control
[7.818s] Installing skycam_ai_tracker script to /home/mapy/skycam_ws/install/skycam_control/lib/skycam_control
[7.818s] Installing skycam_cable_1 script to /home/mapy/skycam_ws/install/skycam_control/lib/skycam_control
[7.818s] Installing skycam_commander script to /home/mapy/skycam_ws/install/skycam_control/lib/skycam_control
[7.818s] Installing skycam_controller script to /home/mapy/skycam_ws/install/skycam_control/lib/skycam_control
[7.819s] Installing skycam_dynamics script to /home/mapy/skycam_ws/install/skycam_control/lib/skycam_control
[7.819s] Installing skycam_force_test script to /home/mapy/skycam_ws/install/skycam_control/lib/skycam_control
[7.819s] Installing skycam_four_cables script to /home/mapy/skycam_ws/install/skycam_control/lib/skycam_control
[7.819s] Installing skycam_goal_sender script to /home/mapy/skycam_ws/install/skycam_control/lib/skycam_control
[7.819s] Installing skycam_trajectory_planner script to /home/mapy/skycam_ws/install/skycam_control/lib/skycam_control
[7.819s] writing list of installed files to '/home/mapy/skycam_ws/build/skycam_control/install.log'
[7.845s] Invoked command in '/home/mapy/skycam_ws/src/skycam_control' returned '0': PYTHONPATH=/home/mapy/skycam_ws/build/skycam_control/prefix_override:/usr/lib/python3/dist-packages/colcon_core/task/python/colcon_distutils_commands:/home/mapy/skycam_ws/install/skycam_control/lib/python3.10/site-packages:${PYTHONPATH} /usr/bin/python3 -W ignore:setup.py install is deprecated -W ignore:easy_install command is deprecated setup.py egg_info --egg-base ../../build/skycam_control build --build-base /home/mapy/skycam_ws/build/skycam_control/build install --record /home/mapy/skycam_ws/build/skycam_control/install.log --single-version-externally-managed install_data
