-- Install configuration: ""
-- Up-to-date: /home/mapy/skycam_ws/install/skycam_description/lib/skycam_description/simple_tf_broadcaster.py
-- Up-to-date: /home/mapy/skycam_ws/install/skycam_description/share/skycam_description/config
-- Up-to-date: /home/mapy/skycam_ws/install/skycam_description/share/skycam_description/config/config.rviz
-- Up-to-date: /home/mapy/skycam_ws/install/skycam_description/share/skycam_description/launch
-- Up-to-date: /home/mapy/skycam_ws/install/skycam_description/share/skycam_description/launch/debug_sphere.launch.py
-- Up-to-date: /home/mapy/skycam_ws/install/skycam_description/share/skycam_description/launch/display.launch.py
-- Up-to-date: /home/mapy/skycam_ws/install/skycam_description/share/skycam_description/launch/display_gazebo.launch.py
-- Up-to-date: /home/mapy/skycam_ws/install/skycam_description/share/skycam_description/launch/display_rviz.launch.py
-- Up-to-date: /home/mapy/skycam_ws/install/skycam_description/share/skycam_description/urdf
-- Up-to-date: /home/mapy/skycam_ws/install/skycam_description/share/skycam_description/urdf/skycam_rviz.xacro
-- Up-to-date: /home/mapy/skycam_ws/install/skycam_description/share/skycam_description/urdf/test.urdf
-- Up-to-date: /home/mapy/skycam_ws/install/skycam_description/share/skycam_description/urdf/skycam.urdf
-- Up-to-date: /home/mapy/skycam_ws/install/skycam_description/share/skycam_description/urdf/simple_sphere.xacro
-- Up-to-date: /home/mapy/skycam_ws/install/skycam_description/share/skycam_description/urdf/skycam.xacro
-- Up-to-date: /home/mapy/skycam_ws/install/skycam_description/share/skycam_description/urdf/skycam_gazebo.xacro
-- Up-to-date: /home/mapy/skycam_ws/install/skycam_description/share/skycam_description/worlds
-- Up-to-date: /home/mapy/skycam_ws/install/skycam_description/share/skycam_description/worlds/normal.world
-- Up-to-date: /home/mapy/skycam_ws/install/skycam_description/share/ament_index/resource_index/package_run_dependencies/skycam_description
-- Up-to-date: /home/mapy/skycam_ws/install/skycam_description/share/ament_index/resource_index/parent_prefix_path/skycam_description
-- Up-to-date: /home/mapy/skycam_ws/install/skycam_description/share/skycam_description/environment/ament_prefix_path.sh
-- Up-to-date: /home/mapy/skycam_ws/install/skycam_description/share/skycam_description/environment/ament_prefix_path.dsv
-- Up-to-date: /home/mapy/skycam_ws/install/skycam_description/share/skycam_description/environment/path.sh
-- Up-to-date: /home/mapy/skycam_ws/install/skycam_description/share/skycam_description/environment/path.dsv
-- Up-to-date: /home/mapy/skycam_ws/install/skycam_description/share/skycam_description/local_setup.bash
-- Up-to-date: /home/mapy/skycam_ws/install/skycam_description/share/skycam_description/local_setup.sh
-- Up-to-date: /home/mapy/skycam_ws/install/skycam_description/share/skycam_description/local_setup.zsh
-- Up-to-date: /home/mapy/skycam_ws/install/skycam_description/share/skycam_description/local_setup.dsv
-- Installing: /home/mapy/skycam_ws/install/skycam_description/share/skycam_description/package.dsv
-- Up-to-date: /home/mapy/skycam_ws/install/skycam_description/share/ament_index/resource_index/packages/skycam_description
-- Up-to-date: /home/mapy/skycam_ws/install/skycam_description/share/skycam_description/cmake/skycam_descriptionConfig.cmake
-- Up-to-date: /home/mapy/skycam_ws/install/skycam_description/share/skycam_description/cmake/skycam_descriptionConfig-version.cmake
-- Up-to-date: /home/mapy/skycam_ws/install/skycam_description/share/skycam_description/package.xml
