[5.126s] Invoking command in '/home/mapy/skycam_ws/src/skycam_control': PYTHONPATH=/home/mapy/skycam_ws/build/skycam_control/prefix_override:/usr/lib/python3/dist-packages/colcon_core/task/python/colcon_distutils_commands:/home/mapy/skycam_ws/install/skycam_control/lib/python3.10/site-packages:${PYTHONPATH} /usr/bin/python3 -W ignore:setup.py install is deprecated -W ignore:easy_install command is deprecated setup.py egg_info --egg-base ../../build/skycam_control build --build-base /home/mapy/skycam_ws/build/skycam_control/build install --record /home/mapy/skycam_ws/build/skycam_control/install.log --single-version-externally-managed install_data
[5.495s] running egg_info
[5.496s] writing ../../build/skycam_control/skycam_control.egg-info/PKG-INFO
[5.496s] writing dependency_links to ../../build/skycam_control/skycam_control.egg-info/dependency_links.txt
[5.496s] writing entry points to ../../build/skycam_control/skycam_control.egg-info/entry_points.txt
[5.496s] writing requirements to ../../build/skycam_control/skycam_control.egg-info/requires.txt
[5.496s] writing top-level names to ../../build/skycam_control/skycam_control.egg-info/top_level.txt
[5.499s] reading manifest file '../../build/skycam_control/skycam_control.egg-info/SOURCES.txt'
[5.537s] writing manifest file '../../build/skycam_control/skycam_control.egg-info/SOURCES.txt'
[5.538s] running build
[5.538s] running build_py
[5.544s] copying skycam_control/plot_tension_3d.py -> /home/mapy/skycam_ws/build/skycam_control/build/lib/skycam_control
[5.544s] running install
[5.545s] running install_lib
[5.545s] copying /home/mapy/skycam_ws/build/skycam_control/build/lib/skycam_control/plot_tension_3d.py -> /home/mapy/skycam_ws/install/skycam_control/lib/python3.10/site-packages/skycam_control
[5.548s] byte-compiling /home/mapy/skycam_ws/install/skycam_control/lib/python3.10/site-packages/skycam_control/plot_tension_3d.py to plot_tension_3d.cpython-310.pyc
[5.548s] running install_data
[5.549s] running install_egg_info
[5.555s] removing '/home/mapy/skycam_ws/install/skycam_control/lib/python3.10/site-packages/skycam_control-0.0.0-py3.10.egg-info' (and everything under it)
[5.556s] Copying ../../build/skycam_control/skycam_control.egg-info to /home/mapy/skycam_ws/install/skycam_control/lib/python3.10/site-packages/skycam_control-0.0.0-py3.10.egg-info
[5.559s] running install_scripts
[5.589s] Installing skycam_cable_1 script to /home/mapy/skycam_ws/install/skycam_control/lib/skycam_control
[5.590s] Installing skycam_commander script to /home/mapy/skycam_ws/install/skycam_control/lib/skycam_control
[5.591s] Installing skycam_controller script to /home/mapy/skycam_ws/install/skycam_control/lib/skycam_control
[5.591s] Installing skycam_dynamics script to /home/mapy/skycam_ws/install/skycam_control/lib/skycam_control
[5.591s] Installing skycam_force_test script to /home/mapy/skycam_ws/install/skycam_control/lib/skycam_control
[5.591s] Installing skycam_four_cables script to /home/mapy/skycam_ws/install/skycam_control/lib/skycam_control
[5.591s] Installing skycam_goal_sender script to /home/mapy/skycam_ws/install/skycam_control/lib/skycam_control
[5.591s] writing list of installed files to '/home/mapy/skycam_ws/build/skycam_control/install.log'
[5.619s] Invoked command in '/home/mapy/skycam_ws/src/skycam_control' returned '0': PYTHONPATH=/home/mapy/skycam_ws/build/skycam_control/prefix_override:/usr/lib/python3/dist-packages/colcon_core/task/python/colcon_distutils_commands:/home/mapy/skycam_ws/install/skycam_control/lib/python3.10/site-packages:${PYTHONPATH} /usr/bin/python3 -W ignore:setup.py install is deprecated -W ignore:easy_install command is deprecated setup.py egg_info --egg-base ../../build/skycam_control build --build-base /home/mapy/skycam_ws/build/skycam_control/build install --record /home/mapy/skycam_ws/build/skycam_control/install.log --single-version-externally-managed install_data
