[2.714s] Invoking command in '/home/mapy/skycam_ws/src/skycam_control': PYTHONPATH=/home/mapy/skycam_ws/build/skycam_control/prefix_override:/usr/lib/python3/dist-packages/colcon_core/task/python/colcon_distutils_commands:/home/mapy/skycam_ws/install/skycam_control/lib/python3.10/site-packages:${PYTHONPATH} /usr/bin/python3 -W ignore:setup.py install is deprecated -W ignore:easy_install command is deprecated setup.py egg_info --egg-base ../../build/skycam_control build --build-base /home/mapy/skycam_ws/build/skycam_control/build install --record /home/mapy/skycam_ws/build/skycam_control/install.log --single-version-externally-managed install_data
[3.014s] running egg_info
[3.015s] writing ../../build/skycam_control/skycam_control.egg-info/PKG-INFO
[3.015s] writing dependency_links to ../../build/skycam_control/skycam_control.egg-info/dependency_links.txt
[3.015s] writing entry points to ../../build/skycam_control/skycam_control.egg-info/entry_points.txt
[3.015s] writing requirements to ../../build/skycam_control/skycam_control.egg-info/requires.txt
[3.016s] writing top-level names to ../../build/skycam_control/skycam_control.egg-info/top_level.txt
[3.018s] reading manifest file '../../build/skycam_control/skycam_control.egg-info/SOURCES.txt'
[3.019s] writing manifest file '../../build/skycam_control/skycam_control.egg-info/SOURCES.txt'
[3.019s] running build
[3.019s] running build_py
[3.020s] running install
[3.020s] running install_lib
[3.022s] running install_data
[3.022s] running install_egg_info
[3.024s] removing '/home/mapy/skycam_ws/install/skycam_control/lib/python3.10/site-packages/skycam_control-0.0.0-py3.10.egg-info' (and everything under it)
[3.024s] Copying ../../build/skycam_control/skycam_control.egg-info to /home/mapy/skycam_ws/install/skycam_control/lib/python3.10/site-packages/skycam_control-0.0.0-py3.10.egg-info
[3.033s] running install_scripts
[3.066s] Installing skycam_cable_1 script to /home/mapy/skycam_ws/install/skycam_control/lib/skycam_control
[3.066s] Installing skycam_commander script to /home/mapy/skycam_ws/install/skycam_control/lib/skycam_control
[3.066s] Installing skycam_controller script to /home/mapy/skycam_ws/install/skycam_control/lib/skycam_control
[3.066s] Installing skycam_dynamics script to /home/mapy/skycam_ws/install/skycam_control/lib/skycam_control
[3.066s] Installing skycam_force_test script to /home/mapy/skycam_ws/install/skycam_control/lib/skycam_control
[3.066s] Installing skycam_four_cables script to /home/mapy/skycam_ws/install/skycam_control/lib/skycam_control
[3.066s] Installing skycam_goal_sender script to /home/mapy/skycam_ws/install/skycam_control/lib/skycam_control
[3.067s] writing list of installed files to '/home/mapy/skycam_ws/build/skycam_control/install.log'
[3.097s] Invoked command in '/home/mapy/skycam_ws/src/skycam_control' returned '0': PYTHONPATH=/home/mapy/skycam_ws/build/skycam_control/prefix_override:/usr/lib/python3/dist-packages/colcon_core/task/python/colcon_distutils_commands:/home/mapy/skycam_ws/install/skycam_control/lib/python3.10/site-packages:${PYTHONPATH} /usr/bin/python3 -W ignore:setup.py install is deprecated -W ignore:easy_install command is deprecated setup.py egg_info --egg-base ../../build/skycam_control build --build-base /home/mapy/skycam_ws/build/skycam_control/build install --record /home/mapy/skycam_ws/build/skycam_control/install.log --single-version-externally-managed install_data
