[4.263s] DEBUG:colcon:Command line arguments: ['/usr/bin/colcon', 'build']
[4.263s] DEBUG:colcon:Parsed command line arguments: Namespace(log_base=None, log_level=None, verb_name='build', build_base='build', install_base='install', merge_install=False, symlink_install=False, test_result_base=None, continue_on_error=False, executor='parallel', parallel_workers=4, event_handlers=None, ignore_user_meta=False, metas=['./colcon.meta'], base_paths=['.'], packages_ignore=None, packages_ignore_regex=None, paths=None, packages_up_to=None, packages_up_to_regex=None, packages_above=None, packages_above_and_dependencies=None, packages_above_depth=None, packages_select_by_dep=None, packages_skip_by_dep=None, packages_skip_up_to=None, packages_select_build_failed=False, packages_skip_build_finished=False, packages_select_test_failures=False, packages_skip_test_passed=False, packages_select=None, packages_skip=None, packages_select_regex=None, packages_skip_regex=None, packages_start=None, packages_end=None, allow_overriding=[], cmake_args=None, cmake_target=None, cmake_target_skip_unavailable=False, cmake_clean_cache=False, cmake_clean_first=False, cmake_force_configure=False, ament_cmake_args=None, catkin_cmake_args=None, catkin_skip_building_tests=False, mixin_files=None, mixin=None, verb_parser=<colcon_mixin.mixin.mixin_argument.MixinArgumentDecorator object at 0x72341d656f80>, verb_extension=<colcon_core.verb.build.BuildVerb object at 0x72341d656ad0>, main=<bound method BuildVerb.main of <colcon_core.verb.build.BuildVerb object at 0x72341d656ad0>>, mixin_verb=('build',))
[8.839s] Level 1:colcon.colcon_core.package_discovery:discover_packages(colcon_meta) check parameters
[8.839s] Level 1:colcon.colcon_core.package_discovery:discover_packages(recursive) check parameters
[8.840s] Level 1:colcon.colcon_core.package_discovery:discover_packages(ignore) check parameters
[8.840s] Level 1:colcon.colcon_core.package_discovery:discover_packages(path) check parameters
[8.840s] Level 1:colcon.colcon_core.package_discovery:discover_packages(colcon_meta) discover
[8.840s] Level 1:colcon.colcon_core.package_discovery:discover_packages(recursive) discover
[8.840s] INFO:colcon.colcon_core.package_discovery:Crawling recursively for packages in '/home/mapy/skycam_ws'
[8.840s] Level 1:colcon.colcon_core.package_identification:_identify(.) by extensions ['ignore', 'ignore_ament_install']
[8.841s] Level 1:colcon.colcon_core.package_identification:_identify(.) by extension 'ignore'
[8.841s] Level 1:colcon.colcon_core.package_identification:_identify(.) by extension 'ignore_ament_install'
[8.841s] Level 1:colcon.colcon_core.package_identification:_identify(.) by extensions ['colcon_pkg']
[8.841s] Level 1:colcon.colcon_core.package_identification:_identify(.) by extension 'colcon_pkg'
[8.841s] Level 1:colcon.colcon_core.package_identification:_identify(.) by extensions ['colcon_meta']
[8.841s] Level 1:colcon.colcon_core.package_identification:_identify(.) by extension 'colcon_meta'
[8.841s] Level 1:colcon.colcon_core.package_identification:_identify(.) by extensions ['ros']
[8.841s] Level 1:colcon.colcon_core.package_identification:_identify(.) by extension 'ros'
[8.906s] Level 1:colcon.colcon_core.package_identification:_identify(.) by extensions ['cmake', 'python']
[8.906s] Level 1:colcon.colcon_core.package_identification:_identify(.) by extension 'cmake'
[8.906s] Level 1:colcon.colcon_core.package_identification:_identify(.) by extension 'python'
[8.906s] Level 1:colcon.colcon_core.package_identification:_identify(.) by extensions ['python_setup_py']
[8.907s] Level 1:colcon.colcon_core.package_identification:_identify(.) by extension 'python_setup_py'
[8.907s] Level 1:colcon.colcon_core.package_identification:_identify(build) by extensions ['ignore', 'ignore_ament_install']
[8.907s] Level 1:colcon.colcon_core.package_identification:_identify(build) by extension 'ignore'
[8.907s] Level 1:colcon.colcon_core.package_identification:_identify(build) ignored
[8.908s] Level 1:colcon.colcon_core.package_identification:_identify(install) by extensions ['ignore', 'ignore_ament_install']
[8.908s] Level 1:colcon.colcon_core.package_identification:_identify(install) by extension 'ignore'
[8.908s] Level 1:colcon.colcon_core.package_identification:_identify(install) ignored
[8.908s] Level 1:colcon.colcon_core.package_identification:_identify(log) by extensions ['ignore', 'ignore_ament_install']
[8.909s] Level 1:colcon.colcon_core.package_identification:_identify(log) by extension 'ignore'
[8.909s] Level 1:colcon.colcon_core.package_identification:_identify(log) ignored
[8.909s] Level 1:colcon.colcon_core.package_identification:_identify(src) by extensions ['ignore', 'ignore_ament_install']
[8.909s] Level 1:colcon.colcon_core.package_identification:_identify(src) by extension 'ignore'
[8.909s] Level 1:colcon.colcon_core.package_identification:_identify(src) by extension 'ignore_ament_install'
[8.909s] Level 1:colcon.colcon_core.package_identification:_identify(src) by extensions ['colcon_pkg']
[8.909s] Level 1:colcon.colcon_core.package_identification:_identify(src) by extension 'colcon_pkg'
[8.910s] Level 1:colcon.colcon_core.package_identification:_identify(src) by extensions ['colcon_meta']
[8.910s] Level 1:colcon.colcon_core.package_identification:_identify(src) by extension 'colcon_meta'
[8.910s] Level 1:colcon.colcon_core.package_identification:_identify(src) by extensions ['ros']
[8.910s] Level 1:colcon.colcon_core.package_identification:_identify(src) by extension 'ros'
[8.910s] Level 1:colcon.colcon_core.package_identification:_identify(src) by extensions ['cmake', 'python']
[8.910s] Level 1:colcon.colcon_core.package_identification:_identify(src) by extension 'cmake'
[8.910s] Level 1:colcon.colcon_core.package_identification:_identify(src) by extension 'python'
[8.910s] Level 1:colcon.colcon_core.package_identification:_identify(src) by extensions ['python_setup_py']
[8.910s] Level 1:colcon.colcon_core.package_identification:_identify(src) by extension 'python_setup_py'
[8.910s] Level 1:colcon.colcon_core.package_identification:_identify(src/skycam_control) by extensions ['ignore', 'ignore_ament_install']
[8.911s] Level 1:colcon.colcon_core.package_identification:_identify(src/skycam_control) by extension 'ignore'
[8.911s] Level 1:colcon.colcon_core.package_identification:_identify(src/skycam_control) by extension 'ignore_ament_install'
[8.911s] Level 1:colcon.colcon_core.package_identification:_identify(src/skycam_control) by extensions ['colcon_pkg']
[8.911s] Level 1:colcon.colcon_core.package_identification:_identify(src/skycam_control) by extension 'colcon_pkg'
[8.911s] Level 1:colcon.colcon_core.package_identification:_identify(src/skycam_control) by extensions ['colcon_meta']
[8.911s] Level 1:colcon.colcon_core.package_identification:_identify(src/skycam_control) by extension 'colcon_meta'
[8.911s] Level 1:colcon.colcon_core.package_identification:_identify(src/skycam_control) by extensions ['ros']
[8.911s] Level 1:colcon.colcon_core.package_identification:_identify(src/skycam_control) by extension 'ros'
[8.979s] DEBUG:colcon.colcon_core.package_identification:Package 'src/skycam_control' with type 'ros.ament_python' and name 'skycam_control'
[8.980s] Level 1:colcon.colcon_core.package_identification:_identify(src/skycam_description) by extensions ['ignore', 'ignore_ament_install']
[8.980s] Level 1:colcon.colcon_core.package_identification:_identify(src/skycam_description) by extension 'ignore'
[8.980s] Level 1:colcon.colcon_core.package_identification:_identify(src/skycam_description) by extension 'ignore_ament_install'
[8.980s] Level 1:colcon.colcon_core.package_identification:_identify(src/skycam_description) by extensions ['colcon_pkg']
[8.980s] Level 1:colcon.colcon_core.package_identification:_identify(src/skycam_description) by extension 'colcon_pkg'
[8.981s] Level 1:colcon.colcon_core.package_identification:_identify(src/skycam_description) by extensions ['colcon_meta']
[8.981s] Level 1:colcon.colcon_core.package_identification:_identify(src/skycam_description) by extension 'colcon_meta'
[8.981s] Level 1:colcon.colcon_core.package_identification:_identify(src/skycam_description) by extensions ['ros']
[8.981s] Level 1:colcon.colcon_core.package_identification:_identify(src/skycam_description) by extension 'ros'
[9.016s] DEBUG:colcon.colcon_core.package_identification:Package 'src/skycam_description' with type 'ros.ament_cmake' and name 'skycam_description'
[9.017s] Level 1:colcon.colcon_core.package_discovery:discover_packages(recursive) using defaults
[9.017s] Level 1:colcon.colcon_core.package_discovery:discover_packages(ignore) discover
[9.017s] Level 1:colcon.colcon_core.package_discovery:discover_packages(ignore) using defaults
[9.017s] Level 1:colcon.colcon_core.package_discovery:discover_packages(path) discover
[9.017s] Level 1:colcon.colcon_core.package_discovery:discover_packages(path) using defaults
[9.429s] Level 1:colcon.colcon_core.package_discovery:discover_packages(prefix_path) check parameters
[9.429s] Level 1:colcon.colcon_core.package_discovery:discover_packages(prefix_path) discover
[9.458s] DEBUG:colcon.colcon_installed_package_information.package_discovery:Found 486 installed packages in /opt/ros/humble
[9.467s] Level 1:colcon.colcon_core.package_discovery:discover_packages(prefix_path) using defaults
[9.580s] Level 5:colcon.colcon_core.verb:set package 'skycam_control' build argument 'cmake_args' from command line to 'None'
[9.580s] Level 5:colcon.colcon_core.verb:set package 'skycam_control' build argument 'cmake_target' from command line to 'None'
[9.580s] Level 5:colcon.colcon_core.verb:set package 'skycam_control' build argument 'cmake_target_skip_unavailable' from command line to 'False'
[9.580s] Level 5:colcon.colcon_core.verb:set package 'skycam_control' build argument 'cmake_clean_cache' from command line to 'False'
[9.580s] Level 5:colcon.colcon_core.verb:set package 'skycam_control' build argument 'cmake_clean_first' from command line to 'False'
[9.580s] Level 5:colcon.colcon_core.verb:set package 'skycam_control' build argument 'cmake_force_configure' from command line to 'False'
[9.580s] Level 5:colcon.colcon_core.verb:set package 'skycam_control' build argument 'ament_cmake_args' from command line to 'None'
[9.580s] Level 5:colcon.colcon_core.verb:set package 'skycam_control' build argument 'catkin_cmake_args' from command line to 'None'
[9.580s] Level 5:colcon.colcon_core.verb:set package 'skycam_control' build argument 'catkin_skip_building_tests' from command line to 'False'
[9.580s] DEBUG:colcon.colcon_core.verb:Building package 'skycam_control' with the following arguments: {'ament_cmake_args': None, 'build_base': '/home/mapy/skycam_ws/build/skycam_control', 'catkin_cmake_args': None, 'catkin_skip_building_tests': False, 'cmake_args': None, 'cmake_clean_cache': False, 'cmake_clean_first': False, 'cmake_force_configure': False, 'cmake_target': None, 'cmake_target_skip_unavailable': False, 'install_base': '/home/mapy/skycam_ws/install/skycam_control', 'merge_install': False, 'path': '/home/mapy/skycam_ws/src/skycam_control', 'symlink_install': False, 'test_result_base': None}
[9.581s] Level 5:colcon.colcon_core.verb:set package 'skycam_description' build argument 'cmake_args' from command line to 'None'
[9.581s] Level 5:colcon.colcon_core.verb:set package 'skycam_description' build argument 'cmake_target' from command line to 'None'
[9.581s] Level 5:colcon.colcon_core.verb:set package 'skycam_description' build argument 'cmake_target_skip_unavailable' from command line to 'False'
[9.581s] Level 5:colcon.colcon_core.verb:set package 'skycam_description' build argument 'cmake_clean_cache' from command line to 'False'
[9.581s] Level 5:colcon.colcon_core.verb:set package 'skycam_description' build argument 'cmake_clean_first' from command line to 'False'
[9.581s] Level 5:colcon.colcon_core.verb:set package 'skycam_description' build argument 'cmake_force_configure' from command line to 'False'
[9.581s] Level 5:colcon.colcon_core.verb:set package 'skycam_description' build argument 'ament_cmake_args' from command line to 'None'
[9.581s] Level 5:colcon.colcon_core.verb:set package 'skycam_description' build argument 'catkin_cmake_args' from command line to 'None'
[9.581s] Level 5:colcon.colcon_core.verb:set package 'skycam_description' build argument 'catkin_skip_building_tests' from command line to 'False'
[9.581s] DEBUG:colcon.colcon_core.verb:Building package 'skycam_description' with the following arguments: {'ament_cmake_args': None, 'build_base': '/home/mapy/skycam_ws/build/skycam_description', 'catkin_cmake_args': None, 'catkin_skip_building_tests': False, 'cmake_args': None, 'cmake_clean_cache': False, 'cmake_clean_first': False, 'cmake_force_configure': False, 'cmake_target': None, 'cmake_target_skip_unavailable': False, 'install_base': '/home/mapy/skycam_ws/install/skycam_description', 'merge_install': False, 'path': '/home/mapy/skycam_ws/src/skycam_description', 'symlink_install': False, 'test_result_base': None}
[9.581s] INFO:colcon.colcon_core.executor:Executing jobs using 'parallel' executor
[9.583s] DEBUG:colcon.colcon_parallel_executor.executor.parallel:run_until_complete
[9.583s] INFO:colcon.colcon_ros.task.ament_python.build:Building ROS package in '/home/mapy/skycam_ws/src/skycam_control' with build type 'ament_python'
[9.583s] Level 1:colcon.colcon_core.shell:create_environment_hook('skycam_control', 'ament_prefix_path')
[9.607s] INFO:colcon.colcon_core.plugin_system:Skipping extension 'colcon_core.shell.bat': Not used on non-Windows systems
[9.607s] INFO:colcon.colcon_core.shell:Creating environment hook '/home/mapy/skycam_ws/install/skycam_control/share/skycam_control/hook/ament_prefix_path.ps1'
[9.609s] INFO:colcon.colcon_core.shell:Creating environment descriptor '/home/mapy/skycam_ws/install/skycam_control/share/skycam_control/hook/ament_prefix_path.dsv'
[9.625s] INFO:colcon.colcon_core.shell:Creating environment hook '/home/mapy/skycam_ws/install/skycam_control/share/skycam_control/hook/ament_prefix_path.sh'
[9.626s] INFO:colcon.colcon_core.shell:Skip shell extension 'powershell' for command environment: Not usable outside of PowerShell
[9.627s] DEBUG:colcon.colcon_core.shell:Skip shell extension 'dsv' for command environment
[9.632s] INFO:colcon.colcon_ros.task.ament_cmake.build:Building ROS package in '/home/mapy/skycam_ws/src/skycam_description' with build type 'ament_cmake'
[9.633s] INFO:colcon.colcon_cmake.task.cmake.build:Building CMake package in '/home/mapy/skycam_ws/src/skycam_description'
[9.633s] INFO:colcon.colcon_core.shell:Skip shell extension 'powershell' for command environment: Not usable outside of PowerShell
[9.633s] DEBUG:colcon.colcon_core.shell:Skip shell extension 'dsv' for command environment
[10.063s] INFO:colcon.colcon_core.task.python.build:Building Python package in '/home/mapy/skycam_ws/src/skycam_control'
[10.063s] INFO:colcon.colcon_core.shell:Skip shell extension 'powershell' for command environment: Not usable outside of PowerShell
[10.063s] DEBUG:colcon.colcon_core.shell:Skip shell extension 'dsv' for command environment
[10.121s] DEBUG:colcon.colcon_core.event_handler.log_command:Invoking command in '/home/mapy/skycam_ws/build/skycam_description': CMAKE_PREFIX_PATH=/opt/ros/humble /usr/bin/cmake --build /home/mapy/skycam_ws/build/skycam_description -- -j4 -l4
[10.898s] DEBUG:colcon.colcon_core.event_handler.log_command:Invoked command in '/home/mapy/skycam_ws/build/skycam_description' returned '0': CMAKE_PREFIX_PATH=/opt/ros/humble /usr/bin/cmake --build /home/mapy/skycam_ws/build/skycam_description -- -j4 -l4
[10.915s] DEBUG:colcon.colcon_core.event_handler.log_command:Invoking command in '/home/mapy/skycam_ws/build/skycam_description': CMAKE_PREFIX_PATH=/opt/ros/humble /usr/bin/cmake --install /home/mapy/skycam_ws/build/skycam_description
[10.990s] Level 1:colcon.colcon_core.environment:create_environment_scripts_only(skycam_description)
[10.992s] DEBUG:colcon.colcon_core.event_handler.log_command:Invoked command in '/home/mapy/skycam_ws/build/skycam_description' returned '0': CMAKE_PREFIX_PATH=/opt/ros/humble /usr/bin/cmake --install /home/mapy/skycam_ws/build/skycam_description
[11.132s] Level 1:colcon.colcon_core.environment:checking '/home/mapy/skycam_ws/install/skycam_description' for CMake module files
[11.135s] Level 1:colcon.colcon_core.environment:checking '/home/mapy/skycam_ws/install/skycam_description' for CMake config files
[11.137s] Level 1:colcon.colcon_core.shell:create_environment_hook('skycam_description', 'cmake_prefix_path')
[11.138s] INFO:colcon.colcon_core.shell:Creating environment hook '/home/mapy/skycam_ws/install/skycam_description/share/skycam_description/hook/cmake_prefix_path.ps1'
[11.140s] INFO:colcon.colcon_core.shell:Creating environment descriptor '/home/mapy/skycam_ws/install/skycam_description/share/skycam_description/hook/cmake_prefix_path.dsv'
[11.141s] INFO:colcon.colcon_core.shell:Creating environment hook '/home/mapy/skycam_ws/install/skycam_description/share/skycam_description/hook/cmake_prefix_path.sh'
[11.144s] Level 1:colcon.colcon_core.environment:checking '/home/mapy/skycam_ws/install/skycam_description/lib'
[11.145s] Level 1:colcon.colcon_core.environment:checking '/home/mapy/skycam_ws/install/skycam_description/bin'
[11.145s] Level 1:colcon.colcon_core.environment:checking '/home/mapy/skycam_ws/install/skycam_description/lib/pkgconfig/skycam_description.pc'
[11.146s] Level 1:colcon.colcon_core.environment:checking '/home/mapy/skycam_ws/install/skycam_description/lib/python3.10/site-packages'
[11.148s] Level 1:colcon.colcon_core.environment:checking '/home/mapy/skycam_ws/install/skycam_description/bin'
[11.149s] INFO:colcon.colcon_core.shell:Creating package script '/home/mapy/skycam_ws/install/skycam_description/share/skycam_description/package.ps1'
[11.152s] INFO:colcon.colcon_core.shell:Creating package descriptor '/home/mapy/skycam_ws/install/skycam_description/share/skycam_description/package.dsv'
[11.156s] INFO:colcon.colcon_core.shell:Creating package script '/home/mapy/skycam_ws/install/skycam_description/share/skycam_description/package.sh'
[11.161s] INFO:colcon.colcon_core.shell:Creating package script '/home/mapy/skycam_ws/install/skycam_description/share/skycam_description/package.bash'
[11.165s] INFO:colcon.colcon_core.shell:Creating package script '/home/mapy/skycam_ws/install/skycam_description/share/skycam_description/package.zsh'
[11.171s] Level 1:colcon.colcon_core.environment:create_file_with_runtime_dependencies(/home/mapy/skycam_ws/install/skycam_description/share/colcon-core/packages/skycam_description)
[11.173s] Level 1:colcon.colcon_core.environment:create_environment_scripts_only(skycam_description)
[11.174s] Level 1:colcon.colcon_core.environment:checking '/home/mapy/skycam_ws/install/skycam_description' for CMake module files
[11.176s] Level 1:colcon.colcon_core.environment:checking '/home/mapy/skycam_ws/install/skycam_description' for CMake config files
[11.177s] Level 1:colcon.colcon_core.shell:create_environment_hook('skycam_description', 'cmake_prefix_path')
[11.178s] INFO:colcon.colcon_core.shell:Creating environment hook '/home/mapy/skycam_ws/install/skycam_description/share/skycam_description/hook/cmake_prefix_path.ps1'
[11.180s] INFO:colcon.colcon_core.shell:Creating environment descriptor '/home/mapy/skycam_ws/install/skycam_description/share/skycam_description/hook/cmake_prefix_path.dsv'
[11.182s] INFO:colcon.colcon_core.shell:Creating environment hook '/home/mapy/skycam_ws/install/skycam_description/share/skycam_description/hook/cmake_prefix_path.sh'
[11.184s] Level 1:colcon.colcon_core.environment:checking '/home/mapy/skycam_ws/install/skycam_description/lib'
[11.184s] Level 1:colcon.colcon_core.environment:checking '/home/mapy/skycam_ws/install/skycam_description/bin'
[11.184s] Level 1:colcon.colcon_core.environment:checking '/home/mapy/skycam_ws/install/skycam_description/lib/pkgconfig/skycam_description.pc'
[11.185s] Level 1:colcon.colcon_core.environment:checking '/home/mapy/skycam_ws/install/skycam_description/lib/python3.10/site-packages'
[11.186s] Level 1:colcon.colcon_core.environment:checking '/home/mapy/skycam_ws/install/skycam_description/bin'
[11.187s] INFO:colcon.colcon_core.shell:Creating package script '/home/mapy/skycam_ws/install/skycam_description/share/skycam_description/package.ps1'
[11.188s] INFO:colcon.colcon_core.shell:Creating package descriptor '/home/mapy/skycam_ws/install/skycam_description/share/skycam_description/package.dsv'
[11.189s] INFO:colcon.colcon_core.shell:Creating package script '/home/mapy/skycam_ws/install/skycam_description/share/skycam_description/package.sh'
[11.190s] INFO:colcon.colcon_core.shell:Creating package script '/home/mapy/skycam_ws/install/skycam_description/share/skycam_description/package.bash'
[11.191s] INFO:colcon.colcon_core.shell:Creating package script '/home/mapy/skycam_ws/install/skycam_description/share/skycam_description/package.zsh'
[11.193s] Level 1:colcon.colcon_core.environment:create_file_with_runtime_dependencies(/home/mapy/skycam_ws/install/skycam_description/share/colcon-core/packages/skycam_description)
[11.749s] DEBUG:colcon.colcon_core.event_handler.log_command:Invoking command in '/home/mapy/skycam_ws/src/skycam_control': PYTHONPATH=/home/mapy/skycam_ws/build/skycam_control/prefix_override:/usr/lib/python3/dist-packages/colcon_core/task/python/colcon_distutils_commands:/home/mapy/skycam_ws/install/skycam_control/lib/python3.10/site-packages:${PYTHONPATH} /usr/bin/python3 -W ignore:setup.py install is deprecated -W ignore:easy_install command is deprecated setup.py egg_info --egg-base ../../build/skycam_control build --build-base /home/mapy/skycam_ws/build/skycam_control/build install --record /home/mapy/skycam_ws/build/skycam_control/install.log --single-version-externally-managed install_data
[12.180s] Level 1:colcon.colcon_core.environment:checking '/home/mapy/skycam_ws/install/skycam_control' for CMake module files
[12.181s] DEBUG:colcon.colcon_core.event_handler.log_command:Invoked command in '/home/mapy/skycam_ws/src/skycam_control' returned '0': PYTHONPATH=/home/mapy/skycam_ws/build/skycam_control/prefix_override:/usr/lib/python3/dist-packages/colcon_core/task/python/colcon_distutils_commands:/home/mapy/skycam_ws/install/skycam_control/lib/python3.10/site-packages:${PYTHONPATH} /usr/bin/python3 -W ignore:setup.py install is deprecated -W ignore:easy_install command is deprecated setup.py egg_info --egg-base ../../build/skycam_control build --build-base /home/mapy/skycam_ws/build/skycam_control/build install --record /home/mapy/skycam_ws/build/skycam_control/install.log --single-version-externally-managed install_data
[12.182s] Level 1:colcon.colcon_core.environment:checking '/home/mapy/skycam_ws/install/skycam_control' for CMake config files
[12.182s] Level 1:colcon.colcon_core.environment:checking '/home/mapy/skycam_ws/install/skycam_control/lib'
[12.182s] Level 1:colcon.colcon_core.environment:checking '/home/mapy/skycam_ws/install/skycam_control/bin'
[12.182s] Level 1:colcon.colcon_core.environment:checking '/home/mapy/skycam_ws/install/skycam_control/lib/pkgconfig/skycam_control.pc'
[12.183s] Level 1:colcon.colcon_core.environment:checking '/home/mapy/skycam_ws/install/skycam_control/lib/python3.10/site-packages'
[12.183s] Level 1:colcon.colcon_core.shell:create_environment_hook('skycam_control', 'pythonpath')
[12.183s] INFO:colcon.colcon_core.shell:Creating environment hook '/home/mapy/skycam_ws/install/skycam_control/share/skycam_control/hook/pythonpath.ps1'
[12.183s] INFO:colcon.colcon_core.shell:Creating environment descriptor '/home/mapy/skycam_ws/install/skycam_control/share/skycam_control/hook/pythonpath.dsv'
[12.184s] INFO:colcon.colcon_core.shell:Creating environment hook '/home/mapy/skycam_ws/install/skycam_control/share/skycam_control/hook/pythonpath.sh'
[12.185s] Level 1:colcon.colcon_core.environment:checking '/home/mapy/skycam_ws/install/skycam_control/bin'
[12.185s] Level 1:colcon.colcon_core.environment:create_environment_scripts_only(skycam_control)
[12.185s] INFO:colcon.colcon_core.shell:Creating package script '/home/mapy/skycam_ws/install/skycam_control/share/skycam_control/package.ps1'
[12.186s] INFO:colcon.colcon_core.shell:Creating package descriptor '/home/mapy/skycam_ws/install/skycam_control/share/skycam_control/package.dsv'
[12.186s] INFO:colcon.colcon_core.shell:Creating package script '/home/mapy/skycam_ws/install/skycam_control/share/skycam_control/package.sh'
[12.187s] INFO:colcon.colcon_core.shell:Creating package script '/home/mapy/skycam_ws/install/skycam_control/share/skycam_control/package.bash'
[12.187s] INFO:colcon.colcon_core.shell:Creating package script '/home/mapy/skycam_ws/install/skycam_control/share/skycam_control/package.zsh'
[12.188s] Level 1:colcon.colcon_core.environment:create_file_with_runtime_dependencies(/home/mapy/skycam_ws/install/skycam_control/share/colcon-core/packages/skycam_control)
[12.188s] DEBUG:colcon.colcon_parallel_executor.executor.parallel:closing loop
[12.188s] DEBUG:colcon.colcon_parallel_executor.executor.parallel:loop closed
[12.188s] DEBUG:colcon.colcon_parallel_executor.executor.parallel:run_until_complete finished with '0'
[12.189s] DEBUG:colcon.colcon_core.event_reactor:joining thread
[12.236s] INFO:colcon.colcon_core.plugin_system:Skipping extension 'colcon_notification.desktop_notification.terminal_notifier': Not used on non-Darwin systems
[12.236s] INFO:colcon.colcon_core.plugin_system:Skipping extension 'colcon_notification.desktop_notification.win32': Not used on non-Windows systems
[12.236s] INFO:colcon.colcon_notification.desktop_notification:Sending desktop notification using 'notify2'
[12.270s] DEBUG:colcon.colcon_core.event_reactor:joined thread
[12.270s] INFO:colcon.colcon_core.shell:Creating prefix script '/home/mapy/skycam_ws/install/local_setup.ps1'
[12.272s] INFO:colcon.colcon_core.shell:Creating prefix util module '/home/mapy/skycam_ws/install/_local_setup_util_ps1.py'
[12.356s] INFO:colcon.colcon_core.shell:Creating prefix chain script '/home/mapy/skycam_ws/install/setup.ps1'
[12.364s] INFO:colcon.colcon_core.shell:Creating prefix script '/home/mapy/skycam_ws/install/local_setup.sh'
[12.368s] INFO:colcon.colcon_core.shell:Creating prefix util module '/home/mapy/skycam_ws/install/_local_setup_util_sh.py'
[12.370s] INFO:colcon.colcon_core.shell:Creating prefix chain script '/home/mapy/skycam_ws/install/setup.sh'
[12.375s] INFO:colcon.colcon_core.shell:Creating prefix script '/home/mapy/skycam_ws/install/local_setup.bash'
[12.377s] INFO:colcon.colcon_core.shell:Creating prefix chain script '/home/mapy/skycam_ws/install/setup.bash'
[12.382s] INFO:colcon.colcon_core.shell:Creating prefix script '/home/mapy/skycam_ws/install/local_setup.zsh'
[12.384s] INFO:colcon.colcon_core.shell:Creating prefix chain script '/home/mapy/skycam_ws/install/setup.zsh'
