[0.126s] DEBUG:colcon:Command line arguments: ['/usr/bin/colcon', 'build']
[0.126s] DEBUG:colcon:Parsed command line arguments: Namespace(log_base=None, log_level=None, verb_name='build', build_base='build', install_base='install', merge_install=False, symlink_install=False, test_result_base=None, continue_on_error=False, executor='parallel', parallel_workers=4, event_handlers=None, ignore_user_meta=False, metas=['./colcon.meta'], base_paths=['.'], packages_ignore=None, packages_ignore_regex=None, paths=None, packages_up_to=None, packages_up_to_regex=None, packages_above=None, packages_above_and_dependencies=None, packages_above_depth=None, packages_select_by_dep=None, packages_skip_by_dep=None, packages_skip_up_to=None, packages_select_build_failed=False, packages_skip_build_finished=False, packages_select_test_failures=False, packages_skip_test_passed=False, packages_select=None, packages_skip=None, packages_select_regex=None, packages_skip_regex=None, packages_start=None, packages_end=None, allow_overriding=[], cmake_args=None, cmake_target=None, cmake_target_skip_unavailable=False, cmake_clean_cache=False, cmake_clean_first=False, cmake_force_configure=False, ament_cmake_args=None, catkin_cmake_args=None, catkin_skip_building_tests=False, mixin_files=None, mixin=None, verb_parser=<colcon_mixin.mixin.mixin_argument.MixinArgumentDecorator object at 0x7786bc257370>, verb_extension=<colcon_core.verb.build.BuildVerb object at 0x7786bc256ec0>, main=<bound method BuildVerb.main of <colcon_core.verb.build.BuildVerb object at 0x7786bc256ec0>>, mixin_verb=('build',))
[0.325s] Level 1:colcon.colcon_core.package_discovery:discover_packages(colcon_meta) check parameters
[0.325s] Level 1:colcon.colcon_core.package_discovery:discover_packages(recursive) check parameters
[0.325s] Level 1:colcon.colcon_core.package_discovery:discover_packages(ignore) check parameters
[0.325s] Level 1:colcon.colcon_core.package_discovery:discover_packages(path) check parameters
[0.325s] Level 1:colcon.colcon_core.package_discovery:discover_packages(colcon_meta) discover
[0.325s] Level 1:colcon.colcon_core.package_discovery:discover_packages(recursive) discover
[0.325s] INFO:colcon.colcon_core.package_discovery:Crawling recursively for packages in '/home/mapy/skycam_ws'
[0.325s] Level 1:colcon.colcon_core.package_identification:_identify(.) by extensions ['ignore', 'ignore_ament_install']
[0.325s] Level 1:colcon.colcon_core.package_identification:_identify(.) by extension 'ignore'
[0.326s] Level 1:colcon.colcon_core.package_identification:_identify(.) by extension 'ignore_ament_install'
[0.326s] Level 1:colcon.colcon_core.package_identification:_identify(.) by extensions ['colcon_pkg']
[0.326s] Level 1:colcon.colcon_core.package_identification:_identify(.) by extension 'colcon_pkg'
[0.326s] Level 1:colcon.colcon_core.package_identification:_identify(.) by extensions ['colcon_meta']
[0.326s] Level 1:colcon.colcon_core.package_identification:_identify(.) by extension 'colcon_meta'
[0.326s] Level 1:colcon.colcon_core.package_identification:_identify(.) by extensions ['ros']
[0.326s] Level 1:colcon.colcon_core.package_identification:_identify(.) by extension 'ros'
[0.337s] Level 1:colcon.colcon_core.package_identification:_identify(.) by extensions ['cmake', 'python']
[0.337s] Level 1:colcon.colcon_core.package_identification:_identify(.) by extension 'cmake'
[0.337s] Level 1:colcon.colcon_core.package_identification:_identify(.) by extension 'python'
[0.337s] Level 1:colcon.colcon_core.package_identification:_identify(.) by extensions ['python_setup_py']
[0.337s] Level 1:colcon.colcon_core.package_identification:_identify(.) by extension 'python_setup_py'
[0.337s] Level 1:colcon.colcon_core.package_identification:_identify(build) by extensions ['ignore', 'ignore_ament_install']
[0.337s] Level 1:colcon.colcon_core.package_identification:_identify(build) by extension 'ignore'
[0.337s] Level 1:colcon.colcon_core.package_identification:_identify(build) ignored
[0.337s] Level 1:colcon.colcon_core.package_identification:_identify(install) by extensions ['ignore', 'ignore_ament_install']
[0.338s] Level 1:colcon.colcon_core.package_identification:_identify(install) by extension 'ignore'
[0.338s] Level 1:colcon.colcon_core.package_identification:_identify(install) ignored
[0.338s] Level 1:colcon.colcon_core.package_identification:_identify(log) by extensions ['ignore', 'ignore_ament_install']
[0.338s] Level 1:colcon.colcon_core.package_identification:_identify(log) by extension 'ignore'
[0.338s] Level 1:colcon.colcon_core.package_identification:_identify(log) ignored
[0.338s] Level 1:colcon.colcon_core.package_identification:_identify(src) by extensions ['ignore', 'ignore_ament_install']
[0.338s] Level 1:colcon.colcon_core.package_identification:_identify(src) by extension 'ignore'
[0.338s] Level 1:colcon.colcon_core.package_identification:_identify(src) by extension 'ignore_ament_install'
[0.338s] Level 1:colcon.colcon_core.package_identification:_identify(src) by extensions ['colcon_pkg']
[0.338s] Level 1:colcon.colcon_core.package_identification:_identify(src) by extension 'colcon_pkg'
[0.338s] Level 1:colcon.colcon_core.package_identification:_identify(src) by extensions ['colcon_meta']
[0.338s] Level 1:colcon.colcon_core.package_identification:_identify(src) by extension 'colcon_meta'
[0.339s] Level 1:colcon.colcon_core.package_identification:_identify(src) by extensions ['ros']
[0.339s] Level 1:colcon.colcon_core.package_identification:_identify(src) by extension 'ros'
[0.339s] Level 1:colcon.colcon_core.package_identification:_identify(src) by extensions ['cmake', 'python']
[0.339s] Level 1:colcon.colcon_core.package_identification:_identify(src) by extension 'cmake'
[0.339s] Level 1:colcon.colcon_core.package_identification:_identify(src) by extension 'python'
[0.339s] Level 1:colcon.colcon_core.package_identification:_identify(src) by extensions ['python_setup_py']
[0.339s] Level 1:colcon.colcon_core.package_identification:_identify(src) by extension 'python_setup_py'
[0.339s] Level 1:colcon.colcon_core.package_identification:_identify(src/skycam_control) by extensions ['ignore', 'ignore_ament_install']
[0.339s] Level 1:colcon.colcon_core.package_identification:_identify(src/skycam_control) by extension 'ignore'
[0.339s] Level 1:colcon.colcon_core.package_identification:_identify(src/skycam_control) by extension 'ignore_ament_install'
[0.339s] Level 1:colcon.colcon_core.package_identification:_identify(src/skycam_control) by extensions ['colcon_pkg']
[0.339s] Level 1:colcon.colcon_core.package_identification:_identify(src/skycam_control) by extension 'colcon_pkg'
[0.339s] Level 1:colcon.colcon_core.package_identification:_identify(src/skycam_control) by extensions ['colcon_meta']
[0.339s] Level 1:colcon.colcon_core.package_identification:_identify(src/skycam_control) by extension 'colcon_meta'
[0.339s] Level 1:colcon.colcon_core.package_identification:_identify(src/skycam_control) by extensions ['ros']
[0.340s] Level 1:colcon.colcon_core.package_identification:_identify(src/skycam_control) by extension 'ros'
[0.343s] DEBUG:colcon.colcon_core.package_identification:Package 'src/skycam_control' with type 'ros.ament_python' and name 'skycam_control'
[0.343s] Level 1:colcon.colcon_core.package_identification:_identify(src/skycam_description) by extensions ['ignore', 'ignore_ament_install']
[0.344s] Level 1:colcon.colcon_core.package_identification:_identify(src/skycam_description) by extension 'ignore'
[0.344s] Level 1:colcon.colcon_core.package_identification:_identify(src/skycam_description) by extension 'ignore_ament_install'
[0.344s] Level 1:colcon.colcon_core.package_identification:_identify(src/skycam_description) by extensions ['colcon_pkg']
[0.344s] Level 1:colcon.colcon_core.package_identification:_identify(src/skycam_description) by extension 'colcon_pkg'
[0.344s] Level 1:colcon.colcon_core.package_identification:_identify(src/skycam_description) by extensions ['colcon_meta']
[0.344s] Level 1:colcon.colcon_core.package_identification:_identify(src/skycam_description) by extension 'colcon_meta'
[0.344s] Level 1:colcon.colcon_core.package_identification:_identify(src/skycam_description) by extensions ['ros']
[0.344s] Level 1:colcon.colcon_core.package_identification:_identify(src/skycam_description) by extension 'ros'
[0.345s] DEBUG:colcon.colcon_core.package_identification:Package 'src/skycam_description' with type 'ros.ament_cmake' and name 'skycam_description'
[0.345s] Level 1:colcon.colcon_core.package_discovery:discover_packages(recursive) using defaults
[0.345s] Level 1:colcon.colcon_core.package_discovery:discover_packages(ignore) discover
[0.345s] Level 1:colcon.colcon_core.package_discovery:discover_packages(ignore) using defaults
[0.345s] Level 1:colcon.colcon_core.package_discovery:discover_packages(path) discover
[0.345s] Level 1:colcon.colcon_core.package_discovery:discover_packages(path) using defaults
[0.373s] Level 1:colcon.colcon_core.package_discovery:discover_packages(prefix_path) check parameters
[0.374s] Level 1:colcon.colcon_core.package_discovery:discover_packages(prefix_path) discover
[0.375s] DEBUG:colcon.colcon_installed_package_information.package_discovery:Found 2 installed packages in /home/mapy/skycam_ws/install
[0.378s] DEBUG:colcon.colcon_installed_package_information.package_discovery:Found 486 installed packages in /opt/ros/humble
[0.380s] Level 1:colcon.colcon_core.package_discovery:discover_packages(prefix_path) using defaults
[0.443s] Level 5:colcon.colcon_core.verb:set package 'skycam_control' build argument 'cmake_args' from command line to 'None'
[0.443s] Level 5:colcon.colcon_core.verb:set package 'skycam_control' build argument 'cmake_target' from command line to 'None'
[0.443s] Level 5:colcon.colcon_core.verb:set package 'skycam_control' build argument 'cmake_target_skip_unavailable' from command line to 'False'
[0.443s] Level 5:colcon.colcon_core.verb:set package 'skycam_control' build argument 'cmake_clean_cache' from command line to 'False'
[0.443s] Level 5:colcon.colcon_core.verb:set package 'skycam_control' build argument 'cmake_clean_first' from command line to 'False'
[0.443s] Level 5:colcon.colcon_core.verb:set package 'skycam_control' build argument 'cmake_force_configure' from command line to 'False'
[0.443s] Level 5:colcon.colcon_core.verb:set package 'skycam_control' build argument 'ament_cmake_args' from command line to 'None'
[0.443s] Level 5:colcon.colcon_core.verb:set package 'skycam_control' build argument 'catkin_cmake_args' from command line to 'None'
[0.443s] Level 5:colcon.colcon_core.verb:set package 'skycam_control' build argument 'catkin_skip_building_tests' from command line to 'False'
[0.444s] DEBUG:colcon.colcon_core.verb:Building package 'skycam_control' with the following arguments: {'ament_cmake_args': None, 'build_base': '/home/mapy/skycam_ws/build/skycam_control', 'catkin_cmake_args': None, 'catkin_skip_building_tests': False, 'cmake_args': None, 'cmake_clean_cache': False, 'cmake_clean_first': False, 'cmake_force_configure': False, 'cmake_target': None, 'cmake_target_skip_unavailable': False, 'install_base': '/home/mapy/skycam_ws/install/skycam_control', 'merge_install': False, 'path': '/home/mapy/skycam_ws/src/skycam_control', 'symlink_install': False, 'test_result_base': None}
[0.444s] Level 5:colcon.colcon_core.verb:set package 'skycam_description' build argument 'cmake_args' from command line to 'None'
[0.444s] Level 5:colcon.colcon_core.verb:set package 'skycam_description' build argument 'cmake_target' from command line to 'None'
[0.444s] Level 5:colcon.colcon_core.verb:set package 'skycam_description' build argument 'cmake_target_skip_unavailable' from command line to 'False'
[0.444s] Level 5:colcon.colcon_core.verb:set package 'skycam_description' build argument 'cmake_clean_cache' from command line to 'False'
[0.444s] Level 5:colcon.colcon_core.verb:set package 'skycam_description' build argument 'cmake_clean_first' from command line to 'False'
[0.444s] Level 5:colcon.colcon_core.verb:set package 'skycam_description' build argument 'cmake_force_configure' from command line to 'False'
[0.444s] Level 5:colcon.colcon_core.verb:set package 'skycam_description' build argument 'ament_cmake_args' from command line to 'None'
[0.444s] Level 5:colcon.colcon_core.verb:set package 'skycam_description' build argument 'catkin_cmake_args' from command line to 'None'
[0.444s] Level 5:colcon.colcon_core.verb:set package 'skycam_description' build argument 'catkin_skip_building_tests' from command line to 'False'
[0.444s] DEBUG:colcon.colcon_core.verb:Building package 'skycam_description' with the following arguments: {'ament_cmake_args': None, 'build_base': '/home/mapy/skycam_ws/build/skycam_description', 'catkin_cmake_args': None, 'catkin_skip_building_tests': False, 'cmake_args': None, 'cmake_clean_cache': False, 'cmake_clean_first': False, 'cmake_force_configure': False, 'cmake_target': None, 'cmake_target_skip_unavailable': False, 'install_base': '/home/mapy/skycam_ws/install/skycam_description', 'merge_install': False, 'path': '/home/mapy/skycam_ws/src/skycam_description', 'symlink_install': False, 'test_result_base': None}
[0.444s] INFO:colcon.colcon_core.executor:Executing jobs using 'parallel' executor
[0.446s] DEBUG:colcon.colcon_parallel_executor.executor.parallel:run_until_complete
[0.446s] INFO:colcon.colcon_ros.task.ament_python.build:Building ROS package in '/home/mapy/skycam_ws/src/skycam_control' with build type 'ament_python'
[0.447s] Level 1:colcon.colcon_core.shell:create_environment_hook('skycam_control', 'ament_prefix_path')
[0.448s] INFO:colcon.colcon_core.plugin_system:Skipping extension 'colcon_core.shell.bat': Not used on non-Windows systems
[0.449s] INFO:colcon.colcon_core.shell:Creating environment hook '/home/mapy/skycam_ws/install/skycam_control/share/skycam_control/hook/ament_prefix_path.ps1'
[0.449s] INFO:colcon.colcon_core.shell:Creating environment descriptor '/home/mapy/skycam_ws/install/skycam_control/share/skycam_control/hook/ament_prefix_path.dsv'
[0.450s] INFO:colcon.colcon_core.shell:Creating environment hook '/home/mapy/skycam_ws/install/skycam_control/share/skycam_control/hook/ament_prefix_path.sh'
[0.451s] INFO:colcon.colcon_core.shell:Skip shell extension 'powershell' for command environment: Not usable outside of PowerShell
[0.451s] DEBUG:colcon.colcon_core.shell:Skip shell extension 'dsv' for command environment
[0.456s] INFO:colcon.colcon_ros.task.ament_cmake.build:Building ROS package in '/home/mapy/skycam_ws/src/skycam_description' with build type 'ament_cmake'
[0.457s] INFO:colcon.colcon_cmake.task.cmake.build:Building CMake package in '/home/mapy/skycam_ws/src/skycam_description'
[0.457s] INFO:colcon.colcon_core.shell:Skip shell extension 'powershell' for command environment: Not usable outside of PowerShell
[0.457s] DEBUG:colcon.colcon_core.shell:Skip shell extension 'dsv' for command environment
[0.801s] INFO:colcon.colcon_core.task.python.build:Building Python package in '/home/mapy/skycam_ws/src/skycam_control'
[0.802s] INFO:colcon.colcon_core.shell:Skip shell extension 'powershell' for command environment: Not usable outside of PowerShell
[0.802s] DEBUG:colcon.colcon_core.shell:Skip shell extension 'dsv' for command environment
[0.812s] DEBUG:colcon.colcon_core.event_handler.log_command:Invoking command in '/home/mapy/skycam_ws/build/skycam_description': CMAKE_PREFIX_PATH=${CMAKE_PREFIX_PATH}:/home/mapy/skycam_ws/install/skycam_control:/opt/ros/humble /usr/bin/cmake --build /home/mapy/skycam_ws/build/skycam_description -- -j4 -l4
[0.979s] DEBUG:colcon.colcon_core.event_handler.log_command:Invoked command in '/home/mapy/skycam_ws/build/skycam_description' returned '0': CMAKE_PREFIX_PATH=${CMAKE_PREFIX_PATH}:/home/mapy/skycam_ws/install/skycam_control:/opt/ros/humble /usr/bin/cmake --build /home/mapy/skycam_ws/build/skycam_description -- -j4 -l4
[0.996s] DEBUG:colcon.colcon_core.event_handler.log_command:Invoking command in '/home/mapy/skycam_ws/build/skycam_description': CMAKE_PREFIX_PATH=${CMAKE_PREFIX_PATH}:/home/mapy/skycam_ws/install/skycam_control:/opt/ros/humble /usr/bin/cmake --install /home/mapy/skycam_ws/build/skycam_description
[1.008s] Level 1:colcon.colcon_core.environment:create_environment_scripts_only(skycam_description)
[1.009s] DEBUG:colcon.colcon_core.event_handler.log_command:Invoked command in '/home/mapy/skycam_ws/build/skycam_description' returned '0': CMAKE_PREFIX_PATH=${CMAKE_PREFIX_PATH}:/home/mapy/skycam_ws/install/skycam_control:/opt/ros/humble /usr/bin/cmake --install /home/mapy/skycam_ws/build/skycam_description
[1.011s] Level 1:colcon.colcon_core.environment:checking '/home/mapy/skycam_ws/install/skycam_description' for CMake module files
[1.011s] Level 1:colcon.colcon_core.environment:checking '/home/mapy/skycam_ws/install/skycam_description' for CMake config files
[1.012s] Level 1:colcon.colcon_core.shell:create_environment_hook('skycam_description', 'cmake_prefix_path')
[1.012s] INFO:colcon.colcon_core.shell:Creating environment hook '/home/mapy/skycam_ws/install/skycam_description/share/skycam_description/hook/cmake_prefix_path.ps1'
[1.013s] INFO:colcon.colcon_core.shell:Creating environment descriptor '/home/mapy/skycam_ws/install/skycam_description/share/skycam_description/hook/cmake_prefix_path.dsv'
[1.013s] INFO:colcon.colcon_core.shell:Creating environment hook '/home/mapy/skycam_ws/install/skycam_description/share/skycam_description/hook/cmake_prefix_path.sh'
[1.014s] Level 1:colcon.colcon_core.environment:checking '/home/mapy/skycam_ws/install/skycam_description/lib'
[1.014s] Level 1:colcon.colcon_core.environment:checking '/home/mapy/skycam_ws/install/skycam_description/bin'
[1.014s] Level 1:colcon.colcon_core.environment:checking '/home/mapy/skycam_ws/install/skycam_description/lib/pkgconfig/skycam_description.pc'
[1.014s] Level 1:colcon.colcon_core.environment:checking '/home/mapy/skycam_ws/install/skycam_description/lib/python3.10/site-packages'
[1.015s] Level 1:colcon.colcon_core.environment:checking '/home/mapy/skycam_ws/install/skycam_description/bin'
[1.015s] INFO:colcon.colcon_core.shell:Creating package script '/home/mapy/skycam_ws/install/skycam_description/share/skycam_description/package.ps1'
[1.016s] INFO:colcon.colcon_core.shell:Creating package descriptor '/home/mapy/skycam_ws/install/skycam_description/share/skycam_description/package.dsv'
[1.017s] INFO:colcon.colcon_core.shell:Creating package script '/home/mapy/skycam_ws/install/skycam_description/share/skycam_description/package.sh'
[1.017s] INFO:colcon.colcon_core.shell:Creating package script '/home/mapy/skycam_ws/install/skycam_description/share/skycam_description/package.bash'
[1.018s] INFO:colcon.colcon_core.shell:Creating package script '/home/mapy/skycam_ws/install/skycam_description/share/skycam_description/package.zsh'
[1.019s] Level 1:colcon.colcon_core.environment:create_file_with_runtime_dependencies(/home/mapy/skycam_ws/install/skycam_description/share/colcon-core/packages/skycam_description)
[1.020s] Level 1:colcon.colcon_core.environment:create_environment_scripts_only(skycam_description)
[1.020s] Level 1:colcon.colcon_core.environment:checking '/home/mapy/skycam_ws/install/skycam_description' for CMake module files
[1.020s] Level 1:colcon.colcon_core.environment:checking '/home/mapy/skycam_ws/install/skycam_description' for CMake config files
[1.021s] Level 1:colcon.colcon_core.shell:create_environment_hook('skycam_description', 'cmake_prefix_path')
[1.021s] INFO:colcon.colcon_core.shell:Creating environment hook '/home/mapy/skycam_ws/install/skycam_description/share/skycam_description/hook/cmake_prefix_path.ps1'
[1.021s] INFO:colcon.colcon_core.shell:Creating environment descriptor '/home/mapy/skycam_ws/install/skycam_description/share/skycam_description/hook/cmake_prefix_path.dsv'
[1.022s] INFO:colcon.colcon_core.shell:Creating environment hook '/home/mapy/skycam_ws/install/skycam_description/share/skycam_description/hook/cmake_prefix_path.sh'
[1.022s] Level 1:colcon.colcon_core.environment:checking '/home/mapy/skycam_ws/install/skycam_description/lib'
[1.023s] Level 1:colcon.colcon_core.environment:checking '/home/mapy/skycam_ws/install/skycam_description/bin'
[1.023s] Level 1:colcon.colcon_core.environment:checking '/home/mapy/skycam_ws/install/skycam_description/lib/pkgconfig/skycam_description.pc'
[1.023s] Level 1:colcon.colcon_core.environment:checking '/home/mapy/skycam_ws/install/skycam_description/lib/python3.10/site-packages'
[1.023s] Level 1:colcon.colcon_core.environment:checking '/home/mapy/skycam_ws/install/skycam_description/bin'
[1.024s] INFO:colcon.colcon_core.shell:Creating package script '/home/mapy/skycam_ws/install/skycam_description/share/skycam_description/package.ps1'
[1.024s] INFO:colcon.colcon_core.shell:Creating package descriptor '/home/mapy/skycam_ws/install/skycam_description/share/skycam_description/package.dsv'
[1.025s] INFO:colcon.colcon_core.shell:Creating package script '/home/mapy/skycam_ws/install/skycam_description/share/skycam_description/package.sh'
[1.025s] INFO:colcon.colcon_core.shell:Creating package script '/home/mapy/skycam_ws/install/skycam_description/share/skycam_description/package.bash'
[1.026s] INFO:colcon.colcon_core.shell:Creating package script '/home/mapy/skycam_ws/install/skycam_description/share/skycam_description/package.zsh'
[1.026s] Level 1:colcon.colcon_core.environment:create_file_with_runtime_dependencies(/home/mapy/skycam_ws/install/skycam_description/share/colcon-core/packages/skycam_description)
[1.422s] DEBUG:colcon.colcon_core.event_handler.log_command:Invoking command in '/home/mapy/skycam_ws/src/skycam_control': PYTHONPATH=/home/mapy/skycam_ws/build/skycam_control/prefix_override:/usr/lib/python3/dist-packages/colcon_core/task/python/colcon_distutils_commands:/home/mapy/skycam_ws/install/skycam_control/lib/python3.10/site-packages:${PYTHONPATH} /usr/bin/python3 -W ignore:setup.py install is deprecated -W ignore:easy_install command is deprecated setup.py egg_info --egg-base ../../build/skycam_control build --build-base /home/mapy/skycam_ws/build/skycam_control/build install --record /home/mapy/skycam_ws/build/skycam_control/install.log --single-version-externally-managed install_data
[1.792s] Level 1:colcon.colcon_core.environment:checking '/home/mapy/skycam_ws/install/skycam_control' for CMake module files
[1.793s] DEBUG:colcon.colcon_core.event_handler.log_command:Invoked command in '/home/mapy/skycam_ws/src/skycam_control' returned '0': PYTHONPATH=/home/mapy/skycam_ws/build/skycam_control/prefix_override:/usr/lib/python3/dist-packages/colcon_core/task/python/colcon_distutils_commands:/home/mapy/skycam_ws/install/skycam_control/lib/python3.10/site-packages:${PYTHONPATH} /usr/bin/python3 -W ignore:setup.py install is deprecated -W ignore:easy_install command is deprecated setup.py egg_info --egg-base ../../build/skycam_control build --build-base /home/mapy/skycam_ws/build/skycam_control/build install --record /home/mapy/skycam_ws/build/skycam_control/install.log --single-version-externally-managed install_data
[1.793s] Level 1:colcon.colcon_core.environment:checking '/home/mapy/skycam_ws/install/skycam_control' for CMake config files
[1.794s] Level 1:colcon.colcon_core.environment:checking '/home/mapy/skycam_ws/install/skycam_control/lib'
[1.794s] Level 1:colcon.colcon_core.environment:checking '/home/mapy/skycam_ws/install/skycam_control/bin'
[1.794s] Level 1:colcon.colcon_core.environment:checking '/home/mapy/skycam_ws/install/skycam_control/lib/pkgconfig/skycam_control.pc'
[1.795s] Level 1:colcon.colcon_core.environment:checking '/home/mapy/skycam_ws/install/skycam_control/lib/python3.10/site-packages'
[1.795s] Level 1:colcon.colcon_core.shell:create_environment_hook('skycam_control', 'pythonpath')
[1.795s] INFO:colcon.colcon_core.shell:Creating environment hook '/home/mapy/skycam_ws/install/skycam_control/share/skycam_control/hook/pythonpath.ps1'
[1.795s] INFO:colcon.colcon_core.shell:Creating environment descriptor '/home/mapy/skycam_ws/install/skycam_control/share/skycam_control/hook/pythonpath.dsv'
[1.796s] INFO:colcon.colcon_core.shell:Creating environment hook '/home/mapy/skycam_ws/install/skycam_control/share/skycam_control/hook/pythonpath.sh'
[1.797s] Level 1:colcon.colcon_core.environment:checking '/home/mapy/skycam_ws/install/skycam_control/bin'
[1.797s] Level 1:colcon.colcon_core.environment:create_environment_scripts_only(skycam_control)
[1.797s] INFO:colcon.colcon_core.shell:Creating package script '/home/mapy/skycam_ws/install/skycam_control/share/skycam_control/package.ps1'
[1.798s] INFO:colcon.colcon_core.shell:Creating package descriptor '/home/mapy/skycam_ws/install/skycam_control/share/skycam_control/package.dsv'
[1.798s] INFO:colcon.colcon_core.shell:Creating package script '/home/mapy/skycam_ws/install/skycam_control/share/skycam_control/package.sh'
[1.799s] INFO:colcon.colcon_core.shell:Creating package script '/home/mapy/skycam_ws/install/skycam_control/share/skycam_control/package.bash'
[1.799s] INFO:colcon.colcon_core.shell:Creating package script '/home/mapy/skycam_ws/install/skycam_control/share/skycam_control/package.zsh'
[1.800s] Level 1:colcon.colcon_core.environment:create_file_with_runtime_dependencies(/home/mapy/skycam_ws/install/skycam_control/share/colcon-core/packages/skycam_control)
[1.800s] DEBUG:colcon.colcon_parallel_executor.executor.parallel:closing loop
[1.800s] DEBUG:colcon.colcon_parallel_executor.executor.parallel:loop closed
[1.800s] DEBUG:colcon.colcon_parallel_executor.executor.parallel:run_until_complete finished with '0'
[1.800s] DEBUG:colcon.colcon_core.event_reactor:joining thread
[1.806s] INFO:colcon.colcon_core.plugin_system:Skipping extension 'colcon_notification.desktop_notification.terminal_notifier': Not used on non-Darwin systems
[1.807s] INFO:colcon.colcon_core.plugin_system:Skipping extension 'colcon_notification.desktop_notification.win32': Not used on non-Windows systems
[1.807s] INFO:colcon.colcon_notification.desktop_notification:Sending desktop notification using 'notify2'
[1.819s] DEBUG:colcon.colcon_core.event_reactor:joined thread
[1.820s] INFO:colcon.colcon_core.shell:Creating prefix script '/home/mapy/skycam_ws/install/local_setup.ps1'
[1.821s] INFO:colcon.colcon_core.shell:Creating prefix util module '/home/mapy/skycam_ws/install/_local_setup_util_ps1.py'
[1.823s] INFO:colcon.colcon_core.shell:Creating prefix chain script '/home/mapy/skycam_ws/install/setup.ps1'
[1.825s] INFO:colcon.colcon_core.shell:Creating prefix script '/home/mapy/skycam_ws/install/local_setup.sh'
[1.827s] INFO:colcon.colcon_core.shell:Creating prefix util module '/home/mapy/skycam_ws/install/_local_setup_util_sh.py'
[1.827s] INFO:colcon.colcon_core.shell:Creating prefix chain script '/home/mapy/skycam_ws/install/setup.sh'
[1.829s] INFO:colcon.colcon_core.shell:Creating prefix script '/home/mapy/skycam_ws/install/local_setup.bash'
[1.830s] INFO:colcon.colcon_core.shell:Creating prefix chain script '/home/mapy/skycam_ws/install/setup.bash'
[1.831s] INFO:colcon.colcon_core.shell:Creating prefix script '/home/mapy/skycam_ws/install/local_setup.zsh'
[1.832s] INFO:colcon.colcon_core.shell:Creating prefix chain script '/home/mapy/skycam_ws/install/setup.zsh'
