/home/mapy/skycam_ws/install/skycam_control/lib/python3.10/site-packages/skycam_control/skycam_cable_1.py
/home/mapy/skycam_ws/install/skycam_control/lib/python3.10/site-packages/skycam_control/skycam_four_cables.py
/home/mapy/skycam_ws/install/skycam_control/lib/python3.10/site-packages/skycam_control/skycam_controller.py
/home/mapy/skycam_ws/install/skycam_control/lib/python3.10/site-packages/skycam_control/skycam_commander.py
/home/mapy/skycam_ws/install/skycam_control/lib/python3.10/site-packages/skycam_control/__init__.py
/home/mapy/skycam_ws/install/skycam_control/lib/python3.10/site-packages/skycam_control/skycam_force_test.py
/home/mapy/skycam_ws/install/skycam_control/lib/python3.10/site-packages/skycam_control/skycam_dynamics.py
/home/mapy/skycam_ws/install/skycam_control/lib/python3.10/site-packages/skycam_control/skycam_goal_sender.py
/home/mapy/skycam_ws/install/skycam_control/lib/python3.10/site-packages/skycam_control/__pycache__/skycam_cable_1.cpython-310.pyc
/home/mapy/skycam_ws/install/skycam_control/lib/python3.10/site-packages/skycam_control/__pycache__/skycam_four_cables.cpython-310.pyc
/home/mapy/skycam_ws/install/skycam_control/lib/python3.10/site-packages/skycam_control/__pycache__/skycam_controller.cpython-310.pyc
/home/mapy/skycam_ws/install/skycam_control/lib/python3.10/site-packages/skycam_control/__pycache__/skycam_commander.cpython-310.pyc
/home/mapy/skycam_ws/install/skycam_control/lib/python3.10/site-packages/skycam_control/__pycache__/__init__.cpython-310.pyc
/home/mapy/skycam_ws/install/skycam_control/lib/python3.10/site-packages/skycam_control/__pycache__/skycam_force_test.cpython-310.pyc
/home/mapy/skycam_ws/install/skycam_control/lib/python3.10/site-packages/skycam_control/__pycache__/skycam_dynamics.cpython-310.pyc
/home/mapy/skycam_ws/install/skycam_control/lib/python3.10/site-packages/skycam_control/__pycache__/skycam_goal_sender.cpython-310.pyc
/home/mapy/skycam_ws/install/skycam_control/share/ament_index/resource_index/packages/skycam_control
/home/mapy/skycam_ws/install/skycam_control/share/skycam_control/package.xml
/home/mapy/skycam_ws/install/skycam_control/lib/python3.10/site-packages/skycam_control-0.0.0-py3.10.egg-info/top_level.txt
/home/mapy/skycam_ws/install/skycam_control/lib/python3.10/site-packages/skycam_control-0.0.0-py3.10.egg-info/requires.txt
/home/mapy/skycam_ws/install/skycam_control/lib/python3.10/site-packages/skycam_control-0.0.0-py3.10.egg-info/entry_points.txt
/home/mapy/skycam_ws/install/skycam_control/lib/python3.10/site-packages/skycam_control-0.0.0-py3.10.egg-info/dependency_links.txt
/home/mapy/skycam_ws/install/skycam_control/lib/python3.10/site-packages/skycam_control-0.0.0-py3.10.egg-info/zip-safe
/home/mapy/skycam_ws/install/skycam_control/lib/python3.10/site-packages/skycam_control-0.0.0-py3.10.egg-info/PKG-INFO
/home/mapy/skycam_ws/install/skycam_control/lib/python3.10/site-packages/skycam_control-0.0.0-py3.10.egg-info/SOURCES.txt
/home/mapy/skycam_ws/install/skycam_control/lib/skycam_control/skycam_cable_1
/home/mapy/skycam_ws/install/skycam_control/lib/skycam_control/skycam_commander
/home/mapy/skycam_ws/install/skycam_control/lib/skycam_control/skycam_controller
/home/mapy/skycam_ws/install/skycam_control/lib/skycam_control/skycam_dynamics
/home/mapy/skycam_ws/install/skycam_control/lib/skycam_control/skycam_force_test
/home/mapy/skycam_ws/install/skycam_control/lib/skycam_control/skycam_four_cables
/home/mapy/skycam_ws/install/skycam_control/lib/skycam_control/skycam_goal_sender
