[0.997s] Invoking command in '/home/mapy/skycam_ws/src/skycam_control': PYTHONPATH=/home/mapy/skycam_ws/build/skycam_control/prefix_override:/usr/lib/python3/dist-packages/colcon_core/task/python/colcon_distutils_commands:/home/mapy/skycam_ws/install/skycam_control/lib/python3.10/site-packages:${PYTHONPATH} /usr/bin/python3 -W ignore:setup.py install is deprecated -W ignore:easy_install command is deprecated setup.py egg_info --egg-base ../../build/skycam_control build --build-base /home/mapy/skycam_ws/build/skycam_control/build install --record /home/mapy/skycam_ws/build/skycam_control/install.log --single-version-externally-managed install_data
[1.380s] running egg_info
[1.381s] writing ../../build/skycam_control/skycam_control.egg-info/PKG-INFO
[1.381s] writing dependency_links to ../../build/skycam_control/skycam_control.egg-info/dependency_links.txt
[1.381s] writing entry points to ../../build/skycam_control/skycam_control.egg-info/entry_points.txt
[1.382s] writing requirements to ../../build/skycam_control/skycam_control.egg-info/requires.txt
[1.382s] writing top-level names to ../../build/skycam_control/skycam_control.egg-info/top_level.txt
[1.384s] reading manifest file '../../build/skycam_control/skycam_control.egg-info/SOURCES.txt'
[1.386s] writing manifest file '../../build/skycam_control/skycam_control.egg-info/SOURCES.txt'
[1.387s] running build
[1.387s] running build_py
[1.387s] copying skycam_control/skycam_four_cables.py -> /home/mapy/skycam_ws/build/skycam_control/build/lib/skycam_control
[1.389s] running install
[1.389s] running install_lib
[1.391s] copying /home/mapy/skycam_ws/build/skycam_control/build/lib/skycam_control/skycam_four_cables.py -> /home/mapy/skycam_ws/install/skycam_control/lib/python3.10/site-packages/skycam_control
[1.391s] byte-compiling /home/mapy/skycam_ws/install/skycam_control/lib/python3.10/site-packages/skycam_control/skycam_four_cables.py to skycam_four_cables.cpython-310.pyc
[1.395s] running install_data
[1.395s] running install_egg_info
[1.398s] removing '/home/mapy/skycam_ws/install/skycam_control/lib/python3.10/site-packages/skycam_control-0.0.0-py3.10.egg-info' (and everything under it)
[1.398s] Copying ../../build/skycam_control/skycam_control.egg-info to /home/mapy/skycam_ws/install/skycam_control/lib/python3.10/site-packages/skycam_control-0.0.0-py3.10.egg-info
[1.399s] running install_scripts
[1.435s] Installing skycam_cable_1 script to /home/mapy/skycam_ws/install/skycam_control/lib/skycam_control
[1.436s] Installing skycam_commander script to /home/mapy/skycam_ws/install/skycam_control/lib/skycam_control
[1.437s] Installing skycam_controller script to /home/mapy/skycam_ws/install/skycam_control/lib/skycam_control
[1.437s] Installing skycam_dynamics script to /home/mapy/skycam_ws/install/skycam_control/lib/skycam_control
[1.437s] Installing skycam_force_test script to /home/mapy/skycam_ws/install/skycam_control/lib/skycam_control
[1.437s] Installing skycam_four_cables script to /home/mapy/skycam_ws/install/skycam_control/lib/skycam_control
[1.437s] Installing skycam_goal_sender script to /home/mapy/skycam_ws/install/skycam_control/lib/skycam_control
[1.437s] writing list of installed files to '/home/mapy/skycam_ws/build/skycam_control/install.log'
[1.483s] Invoked command in '/home/mapy/skycam_ws/src/skycam_control' returned '0': PYTHONPATH=/home/mapy/skycam_ws/build/skycam_control/prefix_override:/usr/lib/python3/dist-packages/colcon_core/task/python/colcon_distutils_commands:/home/mapy/skycam_ws/install/skycam_control/lib/python3.10/site-packages:${PYTHONPATH} /usr/bin/python3 -W ignore:setup.py install is deprecated -W ignore:easy_install command is deprecated setup.py egg_info --egg-base ../../build/skycam_control build --build-base /home/mapy/skycam_ws/build/skycam_control/build install --record /home/mapy/skycam_ws/build/skycam_control/install.log --single-version-externally-managed install_data
