[6.230s] Invoking command in '/home/mapy/skycam_ws/src/skycam_control': PYTHONPATH=/home/mapy/skycam_ws/build/skycam_control/prefix_override:/usr/lib/python3/dist-packages/colcon_core/task/python/colcon_distutils_commands:/home/mapy/skycam_ws/install/skycam_control/lib/python3.10/site-packages:${PYTHONPATH} /usr/bin/python3 -W ignore:setup.py install is deprecated -W ignore:easy_install command is deprecated setup.py egg_info --egg-base ../../build/skycam_control build --build-base /home/mapy/skycam_ws/build/skycam_control/build install --record /home/mapy/skycam_ws/build/skycam_control/install.log --single-version-externally-managed install_data
[6.541s] running egg_info
[6.542s] writing ../../build/skycam_control/skycam_control.egg-info/PKG-INFO
[6.542s] writing dependency_links to ../../build/skycam_control/skycam_control.egg-info/dependency_links.txt
[6.543s] writing entry points to ../../build/skycam_control/skycam_control.egg-info/entry_points.txt
[6.543s] writing requirements to ../../build/skycam_control/skycam_control.egg-info/requires.txt
[6.543s] writing top-level names to ../../build/skycam_control/skycam_control.egg-info/top_level.txt
[6.545s] reading manifest file '../../build/skycam_control/skycam_control.egg-info/SOURCES.txt'
[6.576s] writing manifest file '../../build/skycam_control/skycam_control.egg-info/SOURCES.txt'
[6.577s] running build
[6.577s] running build_py
[6.578s] running install
[6.578s] running install_lib
[6.581s] running install_data
[6.581s] running install_egg_info
[6.585s] removing '/home/mapy/skycam_ws/install/skycam_control/lib/python3.10/site-packages/skycam_control-0.0.0-py3.10.egg-info' (and everything under it)
[6.585s] Copying ../../build/skycam_control/skycam_control.egg-info to /home/mapy/skycam_ws/install/skycam_control/lib/python3.10/site-packages/skycam_control-0.0.0-py3.10.egg-info
[6.609s] running install_scripts
[6.634s] Installing ball_mover script to /home/mapy/skycam_ws/install/skycam_control/lib/skycam_control
[6.634s] Installing skycam_ai_tracker script to /home/mapy/skycam_ws/install/skycam_control/lib/skycam_control
[6.635s] Installing skycam_cable_1 script to /home/mapy/skycam_ws/install/skycam_control/lib/skycam_control
[6.635s] Installing skycam_commander script to /home/mapy/skycam_ws/install/skycam_control/lib/skycam_control
[6.635s] Installing skycam_controller script to /home/mapy/skycam_ws/install/skycam_control/lib/skycam_control
[6.635s] Installing skycam_dynamics script to /home/mapy/skycam_ws/install/skycam_control/lib/skycam_control
[6.635s] Installing skycam_force_test script to /home/mapy/skycam_ws/install/skycam_control/lib/skycam_control
[6.635s] Installing skycam_four_cables script to /home/mapy/skycam_ws/install/skycam_control/lib/skycam_control
[6.635s] Installing skycam_goal_sender script to /home/mapy/skycam_ws/install/skycam_control/lib/skycam_control
[6.635s] Installing skycam_trajectory_planner script to /home/mapy/skycam_ws/install/skycam_control/lib/skycam_control
[6.636s] writing list of installed files to '/home/mapy/skycam_ws/build/skycam_control/install.log'
[6.662s] Invoked command in '/home/mapy/skycam_ws/src/skycam_control' returned '0': PYTHONPATH=/home/mapy/skycam_ws/build/skycam_control/prefix_override:/usr/lib/python3/dist-packages/colcon_core/task/python/colcon_distutils_commands:/home/mapy/skycam_ws/install/skycam_control/lib/python3.10/site-packages:${PYTHONPATH} /usr/bin/python3 -W ignore:setup.py install is deprecated -W ignore:easy_install command is deprecated setup.py egg_info --egg-base ../../build/skycam_control build --build-base /home/mapy/skycam_ws/build/skycam_control/build install --record /home/mapy/skycam_ws/build/skycam_control/install.log --single-version-externally-managed install_data
