[0.863s] Invoking command in '/home/mapy/skycam_ws/src/skycam_control': PYTHONPATH=/home/mapy/skycam_ws/build/skycam_control/prefix_override:/usr/lib/python3/dist-packages/colcon_core/task/python/colcon_distutils_commands:/home/mapy/skycam_ws/install/skycam_control/lib/python3.10/site-packages:${PYTHONPATH} /usr/bin/python3 -W ignore:setup.py install is deprecated -W ignore:easy_install command is deprecated setup.py egg_info --egg-base ../../build/skycam_control build --build-base /home/mapy/skycam_ws/build/skycam_control/build install --record /home/mapy/skycam_ws/build/skycam_control/install.log --single-version-externally-managed install_data
[1.176s] running egg_info
[1.177s] writing ../../build/skycam_control/skycam_control.egg-info/PKG-INFO
[1.177s] writing dependency_links to ../../build/skycam_control/skycam_control.egg-info/dependency_links.txt
[1.177s] writing entry points to ../../build/skycam_control/skycam_control.egg-info/entry_points.txt
[1.177s] writing requirements to ../../build/skycam_control/skycam_control.egg-info/requires.txt
[1.178s] writing top-level names to ../../build/skycam_control/skycam_control.egg-info/top_level.txt
[1.180s] reading manifest file '../../build/skycam_control/skycam_control.egg-info/SOURCES.txt'
[1.181s] writing manifest file '../../build/skycam_control/skycam_control.egg-info/SOURCES.txt'
[1.181s] running build
[1.181s] running build_py
[1.182s] copying skycam_control/skycam_trajectory_planner.py -> /home/mapy/skycam_ws/build/skycam_control/build/lib/skycam_control
[1.182s] running install
[1.183s] running install_lib
[1.184s] copying /home/mapy/skycam_ws/build/skycam_control/build/lib/skycam_control/skycam_trajectory_planner.py -> /home/mapy/skycam_ws/install/skycam_control/lib/python3.10/site-packages/skycam_control
[1.185s] byte-compiling /home/mapy/skycam_ws/install/skycam_control/lib/python3.10/site-packages/skycam_control/skycam_trajectory_planner.py to skycam_trajectory_planner.cpython-310.pyc
[1.186s] running install_data
[1.187s] running install_egg_info
[1.189s] removing '/home/mapy/skycam_ws/install/skycam_control/lib/python3.10/site-packages/skycam_control-0.0.0-py3.10.egg-info' (and everything under it)
[1.189s] Copying ../../build/skycam_control/skycam_control.egg-info to /home/mapy/skycam_ws/install/skycam_control/lib/python3.10/site-packages/skycam_control-0.0.0-py3.10.egg-info
[1.190s] running install_scripts
[1.214s] Installing ball_mover script to /home/mapy/skycam_ws/install/skycam_control/lib/skycam_control
[1.215s] Installing skycam_ai_tracker script to /home/mapy/skycam_ws/install/skycam_control/lib/skycam_control
[1.215s] Installing skycam_cable_1 script to /home/mapy/skycam_ws/install/skycam_control/lib/skycam_control
[1.215s] Installing skycam_commander script to /home/mapy/skycam_ws/install/skycam_control/lib/skycam_control
[1.215s] Installing skycam_controller script to /home/mapy/skycam_ws/install/skycam_control/lib/skycam_control
[1.215s] Installing skycam_dynamics script to /home/mapy/skycam_ws/install/skycam_control/lib/skycam_control
[1.215s] Installing skycam_force_test script to /home/mapy/skycam_ws/install/skycam_control/lib/skycam_control
[1.215s] Installing skycam_four_cables script to /home/mapy/skycam_ws/install/skycam_control/lib/skycam_control
[1.215s] Installing skycam_goal_sender script to /home/mapy/skycam_ws/install/skycam_control/lib/skycam_control
[1.216s] Installing skycam_trajectory_planner script to /home/mapy/skycam_ws/install/skycam_control/lib/skycam_control
[1.216s] writing list of installed files to '/home/mapy/skycam_ws/build/skycam_control/install.log'
[1.273s] Invoked command in '/home/mapy/skycam_ws/src/skycam_control' returned '0': PYTHONPATH=/home/mapy/skycam_ws/build/skycam_control/prefix_override:/usr/lib/python3/dist-packages/colcon_core/task/python/colcon_distutils_commands:/home/mapy/skycam_ws/install/skycam_control/lib/python3.10/site-packages:${PYTHONPATH} /usr/bin/python3 -W ignore:setup.py install is deprecated -W ignore:easy_install command is deprecated setup.py egg_info --egg-base ../../build/skycam_control build --build-base /home/mapy/skycam_ws/build/skycam_control/build install --record /home/mapy/skycam_ws/build/skycam_control/install.log --single-version-externally-managed install_data
