running egg_info
creating ../../build/skycam_control/skycam_control.egg-info
writing ../../build/skycam_control/skycam_control.egg-info/PKG-INFO
writing dependency_links to ../../build/skycam_control/skycam_control.egg-info/dependency_links.txt
writing entry points to ../../build/skycam_control/skycam_control.egg-info/entry_points.txt
writing requirements to ../../build/skycam_control/skycam_control.egg-info/requires.txt
writing top-level names to ../../build/skycam_control/skycam_control.egg-info/top_level.txt
writing manifest file '../../build/skycam_control/skycam_control.egg-info/SOURCES.txt'
reading manifest file '../../build/skycam_control/skycam_control.egg-info/SOURCES.txt'
writing manifest file '../../build/skycam_control/skycam_control.egg-info/SOURCES.txt'
running build
running build_py
creating /home/mapy/skycam_ws/build/skycam_control/build
creating /home/mapy/skycam_ws/build/skycam_control/build/lib
creating /home/mapy/skycam_ws/build/skycam_control/build/lib/skycam_control
copying skycam_control/skycam_cable_1.py -> /home/mapy/skycam_ws/build/skycam_control/build/lib/skycam_control
copying skycam_control/skycam_controller.py -> /home/mapy/skycam_ws/build/skycam_control/build/lib/skycam_control
copying skycam_control/__init__.py -> /home/mapy/skycam_ws/build/skycam_control/build/lib/skycam_control
copying skycam_control/skycam_force_test.py -> /home/mapy/skycam_ws/build/skycam_control/build/lib/skycam_control
copying skycam_control/skycam_dynamics.py -> /home/mapy/skycam_ws/build/skycam_control/build/lib/skycam_control
copying skycam_control/skycam_goal_sender.py -> /home/mapy/skycam_ws/build/skycam_control/build/lib/skycam_control
running install
running install_lib
creating /home/mapy/skycam_ws/install/skycam_control/lib/python3.10/site-packages/skycam_control
copying /home/mapy/skycam_ws/build/skycam_control/build/lib/skycam_control/skycam_cable_1.py -> /home/mapy/skycam_ws/install/skycam_control/lib/python3.10/site-packages/skycam_control
copying /home/mapy/skycam_ws/build/skycam_control/build/lib/skycam_control/skycam_controller.py -> /home/mapy/skycam_ws/install/skycam_control/lib/python3.10/site-packages/skycam_control
copying /home/mapy/skycam_ws/build/skycam_control/build/lib/skycam_control/__init__.py -> /home/mapy/skycam_ws/install/skycam_control/lib/python3.10/site-packages/skycam_control
copying /home/mapy/skycam_ws/build/skycam_control/build/lib/skycam_control/skycam_force_test.py -> /home/mapy/skycam_ws/install/skycam_control/lib/python3.10/site-packages/skycam_control
copying /home/mapy/skycam_ws/build/skycam_control/build/lib/skycam_control/skycam_dynamics.py -> /home/mapy/skycam_ws/install/skycam_control/lib/python3.10/site-packages/skycam_control
copying /home/mapy/skycam_ws/build/skycam_control/build/lib/skycam_control/skycam_goal_sender.py -> /home/mapy/skycam_ws/install/skycam_control/lib/python3.10/site-packages/skycam_control
byte-compiling /home/mapy/skycam_ws/install/skycam_control/lib/python3.10/site-packages/skycam_control/skycam_cable_1.py to skycam_cable_1.cpython-310.pyc
byte-compiling /home/mapy/skycam_ws/install/skycam_control/lib/python3.10/site-packages/skycam_control/skycam_controller.py to skycam_controller.cpython-310.pyc
byte-compiling /home/mapy/skycam_ws/install/skycam_control/lib/python3.10/site-packages/skycam_control/__init__.py to __init__.cpython-310.pyc
byte-compiling /home/mapy/skycam_ws/install/skycam_control/lib/python3.10/site-packages/skycam_control/skycam_force_test.py to skycam_force_test.cpython-310.pyc
byte-compiling /home/mapy/skycam_ws/install/skycam_control/lib/python3.10/site-packages/skycam_control/skycam_dynamics.py to skycam_dynamics.cpython-310.pyc
byte-compiling /home/mapy/skycam_ws/install/skycam_control/lib/python3.10/site-packages/skycam_control/skycam_goal_sender.py to skycam_goal_sender.cpython-310.pyc
running install_data
creating /home/mapy/skycam_ws/install/skycam_control/share/ament_index
creating /home/mapy/skycam_ws/install/skycam_control/share/ament_index/resource_index
creating /home/mapy/skycam_ws/install/skycam_control/share/ament_index/resource_index/packages
copying resource/skycam_control -> /home/mapy/skycam_ws/install/skycam_control/share/ament_index/resource_index/packages
copying package.xml -> /home/mapy/skycam_ws/install/skycam_control/share/skycam_control
running install_egg_info
Copying ../../build/skycam_control/skycam_control.egg-info to /home/mapy/skycam_ws/install/skycam_control/lib/python3.10/site-packages/skycam_control-0.0.0-py3.10.egg-info
running install_scripts
Installing skycam_cable_1 script to /home/mapy/skycam_ws/install/skycam_control/lib/skycam_control
Installing skycam_controller script to /home/mapy/skycam_ws/install/skycam_control/lib/skycam_control
Installing skycam_dynamics script to /home/mapy/skycam_ws/install/skycam_control/lib/skycam_control
Installing skycam_force_test script to /home/mapy/skycam_ws/install/skycam_control/lib/skycam_control
Installing skycam_goal_sender script to /home/mapy/skycam_ws/install/skycam_control/lib/skycam_control
writing list of installed files to '/home/mapy/skycam_ws/build/skycam_control/install.log'
