[1.043s] Invoking command in '/home/mapy/skycam_ws/src/skycam_control': PYTHONPATH=/home/mapy/skycam_ws/build/skycam_control/prefix_override:/usr/lib/python3/dist-packages/colcon_core/task/python/colcon_distutils_commands:/home/mapy/skycam_ws/install/skycam_control/lib/python3.10/site-packages:${PYTHONPATH} /usr/bin/python3 -W ignore:setup.py install is deprecated -W ignore:easy_install command is deprecated setup.py egg_info --egg-base ../../build/skycam_control build --build-base /home/mapy/skycam_ws/build/skycam_control/build install --record /home/mapy/skycam_ws/build/skycam_control/install.log --single-version-externally-managed install_data
[1.401s] running egg_info
[1.402s] creating ../../build/skycam_control/skycam_control.egg-info
[1.405s] writing ../../build/skycam_control/skycam_control.egg-info/PKG-INFO
[1.405s] writing dependency_links to ../../build/skycam_control/skycam_control.egg-info/dependency_links.txt
[1.405s] writing entry points to ../../build/skycam_control/skycam_control.egg-info/entry_points.txt
[1.406s] writing requirements to ../../build/skycam_control/skycam_control.egg-info/requires.txt
[1.406s] writing top-level names to ../../build/skycam_control/skycam_control.egg-info/top_level.txt
[1.406s] writing manifest file '../../build/skycam_control/skycam_control.egg-info/SOURCES.txt'
[1.408s] reading manifest file '../../build/skycam_control/skycam_control.egg-info/SOURCES.txt'
[1.409s] writing manifest file '../../build/skycam_control/skycam_control.egg-info/SOURCES.txt'
[1.409s] running build
[1.409s] running build_py
[1.409s] creating /home/mapy/skycam_ws/build/skycam_control/build
[1.409s] creating /home/mapy/skycam_ws/build/skycam_control/build/lib
[1.409s] creating /home/mapy/skycam_ws/build/skycam_control/build/lib/skycam_control
[1.410s] copying skycam_control/skycam_cable_1.py -> /home/mapy/skycam_ws/build/skycam_control/build/lib/skycam_control
[1.410s] copying skycam_control/skycam_controller.py -> /home/mapy/skycam_ws/build/skycam_control/build/lib/skycam_control
[1.410s] copying skycam_control/__init__.py -> /home/mapy/skycam_ws/build/skycam_control/build/lib/skycam_control
[1.410s] copying skycam_control/skycam_force_test.py -> /home/mapy/skycam_ws/build/skycam_control/build/lib/skycam_control
[1.410s] copying skycam_control/skycam_dynamics.py -> /home/mapy/skycam_ws/build/skycam_control/build/lib/skycam_control
[1.410s] copying skycam_control/skycam_goal_sender.py -> /home/mapy/skycam_ws/build/skycam_control/build/lib/skycam_control
[1.411s] running install
[1.411s] running install_lib
[1.411s] creating /home/mapy/skycam_ws/install/skycam_control/lib/python3.10/site-packages/skycam_control
[1.412s] copying /home/mapy/skycam_ws/build/skycam_control/build/lib/skycam_control/skycam_cable_1.py -> /home/mapy/skycam_ws/install/skycam_control/lib/python3.10/site-packages/skycam_control
[1.412s] copying /home/mapy/skycam_ws/build/skycam_control/build/lib/skycam_control/skycam_controller.py -> /home/mapy/skycam_ws/install/skycam_control/lib/python3.10/site-packages/skycam_control
[1.412s] copying /home/mapy/skycam_ws/build/skycam_control/build/lib/skycam_control/__init__.py -> /home/mapy/skycam_ws/install/skycam_control/lib/python3.10/site-packages/skycam_control
[1.412s] copying /home/mapy/skycam_ws/build/skycam_control/build/lib/skycam_control/skycam_force_test.py -> /home/mapy/skycam_ws/install/skycam_control/lib/python3.10/site-packages/skycam_control
[1.412s] copying /home/mapy/skycam_ws/build/skycam_control/build/lib/skycam_control/skycam_dynamics.py -> /home/mapy/skycam_ws/install/skycam_control/lib/python3.10/site-packages/skycam_control
[1.412s] copying /home/mapy/skycam_ws/build/skycam_control/build/lib/skycam_control/skycam_goal_sender.py -> /home/mapy/skycam_ws/install/skycam_control/lib/python3.10/site-packages/skycam_control
[1.413s] byte-compiling /home/mapy/skycam_ws/install/skycam_control/lib/python3.10/site-packages/skycam_control/skycam_cable_1.py to skycam_cable_1.cpython-310.pyc
[1.414s] byte-compiling /home/mapy/skycam_ws/install/skycam_control/lib/python3.10/site-packages/skycam_control/skycam_controller.py to skycam_controller.cpython-310.pyc
[1.414s] byte-compiling /home/mapy/skycam_ws/install/skycam_control/lib/python3.10/site-packages/skycam_control/__init__.py to __init__.cpython-310.pyc
[1.415s] byte-compiling /home/mapy/skycam_ws/install/skycam_control/lib/python3.10/site-packages/skycam_control/skycam_force_test.py to skycam_force_test.cpython-310.pyc
[1.415s] byte-compiling /home/mapy/skycam_ws/install/skycam_control/lib/python3.10/site-packages/skycam_control/skycam_dynamics.py to skycam_dynamics.cpython-310.pyc
[1.416s] byte-compiling /home/mapy/skycam_ws/install/skycam_control/lib/python3.10/site-packages/skycam_control/skycam_goal_sender.py to skycam_goal_sender.cpython-310.pyc
[1.417s] running install_data
[1.417s] creating /home/mapy/skycam_ws/install/skycam_control/share/ament_index
[1.417s] creating /home/mapy/skycam_ws/install/skycam_control/share/ament_index/resource_index
[1.417s] creating /home/mapy/skycam_ws/install/skycam_control/share/ament_index/resource_index/packages
[1.417s] copying resource/skycam_control -> /home/mapy/skycam_ws/install/skycam_control/share/ament_index/resource_index/packages
[1.418s] copying package.xml -> /home/mapy/skycam_ws/install/skycam_control/share/skycam_control
[1.418s] running install_egg_info
[1.421s] Copying ../../build/skycam_control/skycam_control.egg-info to /home/mapy/skycam_ws/install/skycam_control/lib/python3.10/site-packages/skycam_control-0.0.0-py3.10.egg-info
[1.422s] running install_scripts
[1.451s] Installing skycam_cable_1 script to /home/mapy/skycam_ws/install/skycam_control/lib/skycam_control
[1.452s] Installing skycam_controller script to /home/mapy/skycam_ws/install/skycam_control/lib/skycam_control
[1.452s] Installing skycam_dynamics script to /home/mapy/skycam_ws/install/skycam_control/lib/skycam_control
[1.452s] Installing skycam_force_test script to /home/mapy/skycam_ws/install/skycam_control/lib/skycam_control
[1.452s] Installing skycam_goal_sender script to /home/mapy/skycam_ws/install/skycam_control/lib/skycam_control
[1.454s] writing list of installed files to '/home/mapy/skycam_ws/build/skycam_control/install.log'
[1.501s] Invoked command in '/home/mapy/skycam_ws/src/skycam_control' returned '0': PYTHONPATH=/home/mapy/skycam_ws/build/skycam_control/prefix_override:/usr/lib/python3/dist-packages/colcon_core/task/python/colcon_distutils_commands:/home/mapy/skycam_ws/install/skycam_control/lib/python3.10/site-packages:${PYTHONPATH} /usr/bin/python3 -W ignore:setup.py install is deprecated -W ignore:easy_install command is deprecated setup.py egg_info --egg-base ../../build/skycam_control build --build-base /home/mapy/skycam_ws/build/skycam_control/build install --record /home/mapy/skycam_ws/build/skycam_control/install.log --single-version-externally-managed install_data
