[5.046s] Invoking command in '/home/mapy/skycam_ws/src/skycam_control': PYTHONPATH=/home/mapy/skycam_ws/build/skycam_control/prefix_override:/usr/lib/python3/dist-packages/colcon_core/task/python/colcon_distutils_commands:/home/mapy/skycam_ws/install/skycam_control/lib/python3.10/site-packages:${PYTHONPATH} /usr/bin/python3 -W ignore:setup.py install is deprecated -W ignore:easy_install command is deprecated setup.py egg_info --egg-base ../../build/skycam_control build --build-base /home/mapy/skycam_ws/build/skycam_control/build install --record /home/mapy/skycam_ws/build/skycam_control/install.log --single-version-externally-managed install_data
[6.839s] running egg_info
[6.839s] writing ../../build/skycam_control/skycam_control.egg-info/PKG-INFO
[6.840s] writing dependency_links to ../../build/skycam_control/skycam_control.egg-info/dependency_links.txt
[6.840s] writing entry points to ../../build/skycam_control/skycam_control.egg-info/entry_points.txt
[6.840s] writing requirements to ../../build/skycam_control/skycam_control.egg-info/requires.txt
[6.840s] writing top-level names to ../../build/skycam_control/skycam_control.egg-info/top_level.txt
[6.854s] reading manifest file '../../build/skycam_control/skycam_control.egg-info/SOURCES.txt'
[6.854s] writing manifest file '../../build/skycam_control/skycam_control.egg-info/SOURCES.txt'
[6.854s] running build
[6.854s] running build_py
[6.854s] copying skycam_control/plot_error.py -> /home/mapy/skycam_ws/build/skycam_control/build/lib/skycam_control
[6.861s] running install
[6.861s] running install_lib
[6.880s] copying /home/mapy/skycam_ws/build/skycam_control/build/lib/skycam_control/plot_error.py -> /home/mapy/skycam_ws/install/skycam_control/lib/python3.10/site-packages/skycam_control
[6.880s] byte-compiling /home/mapy/skycam_ws/install/skycam_control/lib/python3.10/site-packages/skycam_control/plot_error.py to plot_error.cpython-310.pyc
[6.881s] running install_data
[6.881s] running install_egg_info
[6.896s] removing '/home/mapy/skycam_ws/install/skycam_control/lib/python3.10/site-packages/skycam_control-0.0.0-py3.10.egg-info' (and everything under it)
[6.896s] Copying ../../build/skycam_control/skycam_control.egg-info to /home/mapy/skycam_ws/install/skycam_control/lib/python3.10/site-packages/skycam_control-0.0.0-py3.10.egg-info
[6.897s] running install_scripts
[6.945s] Installing ball_mover script to /home/mapy/skycam_ws/install/skycam_control/lib/skycam_control
[6.959s] Installing plot_error script to /home/mapy/skycam_ws/install/skycam_control/lib/skycam_control
[6.960s] Installing plot_tensiones script to /home/mapy/skycam_ws/install/skycam_control/lib/skycam_control
[6.960s] Installing skycam_ai_tracker script to /home/mapy/skycam_ws/install/skycam_control/lib/skycam_control
[6.960s] Installing skycam_cable_1 script to /home/mapy/skycam_ws/install/skycam_control/lib/skycam_control
[6.960s] Installing skycam_commander script to /home/mapy/skycam_ws/install/skycam_control/lib/skycam_control
[6.960s] Installing skycam_controller script to /home/mapy/skycam_ws/install/skycam_control/lib/skycam_control
[6.960s] Installing skycam_dynamics script to /home/mapy/skycam_ws/install/skycam_control/lib/skycam_control
[6.960s] Installing skycam_force_test script to /home/mapy/skycam_ws/install/skycam_control/lib/skycam_control
[6.960s] Installing skycam_four_cables script to /home/mapy/skycam_ws/install/skycam_control/lib/skycam_control
[6.960s] Installing skycam_goal_sender script to /home/mapy/skycam_ws/install/skycam_control/lib/skycam_control
[6.960s] Installing skycam_trajectory_planner script to /home/mapy/skycam_ws/install/skycam_control/lib/skycam_control
[6.960s] Installing tension_logger script to /home/mapy/skycam_ws/install/skycam_control/lib/skycam_control
[6.960s] writing list of installed files to '/home/mapy/skycam_ws/build/skycam_control/install.log'
[7.103s] Invoked command in '/home/mapy/skycam_ws/src/skycam_control' returned '0': PYTHONPATH=/home/mapy/skycam_ws/build/skycam_control/prefix_override:/usr/lib/python3/dist-packages/colcon_core/task/python/colcon_distutils_commands:/home/mapy/skycam_ws/install/skycam_control/lib/python3.10/site-packages:${PYTHONPATH} /usr/bin/python3 -W ignore:setup.py install is deprecated -W ignore:easy_install command is deprecated setup.py egg_info --egg-base ../../build/skycam_control build --build-base /home/mapy/skycam_ws/build/skycam_control/build install --record /home/mapy/skycam_ws/build/skycam_control/install.log --single-version-externally-managed install_data
