running egg_info
writing ../../build/skycam_control/skycam_control.egg-info/PKG-INFO
writing dependency_links to ../../build/skycam_control/skycam_control.egg-info/dependency_links.txt
writing entry points to ../../build/skycam_control/skycam_control.egg-info/entry_points.txt
writing requirements to ../../build/skycam_control/skycam_control.egg-info/requires.txt
writing top-level names to ../../build/skycam_control/skycam_control.egg-info/top_level.txt
reading manifest file '../../build/skycam_control/skycam_control.egg-info/SOURCES.txt'
writing manifest file '../../build/skycam_control/skycam_control.egg-info/SOURCES.txt'
running build
running build_py
copying skycam_control/skycam_ai_tracker.py -> /home/mapy/skycam_ws/build/skycam_control/build/lib/skycam_control
running install
running install_lib
copying /home/mapy/skycam_ws/build/skycam_control/build/lib/skycam_control/skycam_ai_tracker.py -> /home/mapy/skycam_ws/install/skycam_control/lib/python3.10/site-packages/skycam_control
byte-compiling /home/mapy/skycam_ws/install/skycam_control/lib/python3.10/site-packages/skycam_control/skycam_ai_tracker.py to skycam_ai_tracker.cpython-310.pyc
running install_data
running install_egg_info
removing '/home/mapy/skycam_ws/install/skycam_control/lib/python3.10/site-packages/skycam_control-0.0.0-py3.10.egg-info' (and everything under it)
Copying ../../build/skycam_control/skycam_control.egg-info to /home/mapy/skycam_ws/install/skycam_control/lib/python3.10/site-packages/skycam_control-0.0.0-py3.10.egg-info
running install_scripts
Installing ball_mover script to /home/mapy/skycam_ws/install/skycam_control/lib/skycam_control
Installing skycam_ai_tracker script to /home/mapy/skycam_ws/install/skycam_control/lib/skycam_control
Installing skycam_cable_1 script to /home/mapy/skycam_ws/install/skycam_control/lib/skycam_control
Installing skycam_commander script to /home/mapy/skycam_ws/install/skycam_control/lib/skycam_control
Installing skycam_controller script to /home/mapy/skycam_ws/install/skycam_control/lib/skycam_control
Installing skycam_dynamics script to /home/mapy/skycam_ws/install/skycam_control/lib/skycam_control
Installing skycam_force_test script to /home/mapy/skycam_ws/install/skycam_control/lib/skycam_control
Installing skycam_four_cables script to /home/mapy/skycam_ws/install/skycam_control/lib/skycam_control
Installing skycam_goal_sender script to /home/mapy/skycam_ws/install/skycam_control/lib/skycam_control
Installing skycam_trajectory_planner script to /home/mapy/skycam_ws/install/skycam_control/lib/skycam_control
writing list of installed files to '/home/mapy/skycam_ws/build/skycam_control/install.log'
