[2.956s] Invoking command in '/home/mapy/skycam_ws/src/skycam_control': PYTHONPATH=/home/mapy/skycam_ws/build/skycam_control/prefix_override:/usr/lib/python3/dist-packages/colcon_core/task/python/colcon_distutils_commands:/home/mapy/skycam_ws/install/skycam_control/lib/python3.10/site-packages:${PYTHONPATH} /usr/bin/python3 -W ignore:setup.py install is deprecated -W ignore:easy_install command is deprecated setup.py egg_info --egg-base ../../build/skycam_control build --build-base /home/mapy/skycam_ws/build/skycam_control/build install --record /home/mapy/skycam_ws/build/skycam_control/install.log --single-version-externally-managed install_data
[4.032s] running egg_info
[4.035s] writing ../../build/skycam_control/skycam_control.egg-info/PKG-INFO
[4.036s] writing dependency_links to ../../build/skycam_control/skycam_control.egg-info/dependency_links.txt
[4.036s] writing entry points to ../../build/skycam_control/skycam_control.egg-info/entry_points.txt
[4.038s] writing requirements to ../../build/skycam_control/skycam_control.egg-info/requires.txt
[4.038s] writing top-level names to ../../build/skycam_control/skycam_control.egg-info/top_level.txt
[4.049s] reading manifest file '../../build/skycam_control/skycam_control.egg-info/SOURCES.txt'
[4.051s] writing manifest file '../../build/skycam_control/skycam_control.egg-info/SOURCES.txt'
[4.051s] running build
[4.051s] running build_py
[4.052s] running install
[4.053s] running install_lib
[4.060s] running install_data
[4.061s] running install_egg_info
[4.068s] removing '/home/mapy/skycam_ws/install/skycam_control/lib/python3.10/site-packages/skycam_control-0.0.0-py3.10.egg-info' (and everything under it)
[4.069s] Copying ../../build/skycam_control/skycam_control.egg-info to /home/mapy/skycam_ws/install/skycam_control/lib/python3.10/site-packages/skycam_control-0.0.0-py3.10.egg-info
[4.069s] running install_scripts
[4.156s] Installing skycam_cable_1 script to /home/mapy/skycam_ws/install/skycam_control/lib/skycam_control
[4.162s] Installing skycam_controller script to /home/mapy/skycam_ws/install/skycam_control/lib/skycam_control
[4.163s] Installing skycam_dynamics script to /home/mapy/skycam_ws/install/skycam_control/lib/skycam_control
[4.163s] Installing skycam_force_test script to /home/mapy/skycam_ws/install/skycam_control/lib/skycam_control
[4.163s] Installing skycam_goal_sender script to /home/mapy/skycam_ws/install/skycam_control/lib/skycam_control
[4.163s] writing list of installed files to '/home/mapy/skycam_ws/build/skycam_control/install.log'
[4.325s] Invoked command in '/home/mapy/skycam_ws/src/skycam_control' returned '0': PYTHONPATH=/home/mapy/skycam_ws/build/skycam_control/prefix_override:/usr/lib/python3/dist-packages/colcon_core/task/python/colcon_distutils_commands:/home/mapy/skycam_ws/install/skycam_control/lib/python3.10/site-packages:${PYTHONPATH} /usr/bin/python3 -W ignore:setup.py install is deprecated -W ignore:easy_install command is deprecated setup.py egg_info --egg-base ../../build/skycam_control build --build-base /home/mapy/skycam_ws/build/skycam_control/build install --record /home/mapy/skycam_ws/build/skycam_control/install.log --single-version-externally-managed install_data
