[1.315s] Invoking command in '/home/mapy/skycam_ws/build/skycam_description': CMAKE_PREFIX_PATH=${CMAKE_PREFIX_PATH}:/home/mapy/skycam_ws/install/skycam_control:/opt/ros/humble /usr/bin/cmake --build /home/mapy/skycam_ws/build/skycam_description -- -j4 -l4
[1.553s] Invoked command in '/home/mapy/skycam_ws/build/skycam_description' returned '0': CMAKE_PREFIX_PATH=${CMAKE_PREFIX_PATH}:/home/mapy/skycam_ws/install/skycam_control:/opt/ros/humble /usr/bin/cmake --build /home/mapy/skycam_ws/build/skycam_description -- -j4 -l4
[1.594s] Invoking command in '/home/mapy/skycam_ws/build/skycam_description': CMAKE_PREFIX_PATH=${CMAKE_PREFIX_PATH}:/home/mapy/skycam_ws/install/skycam_control:/opt/ros/humble /usr/bin/cmake --install /home/mapy/skycam_ws/build/skycam_description
[1.639s] -- Install configuration: ""
[1.648s] -- Up-to-date: /home/mapy/skycam_ws/install/skycam_description/lib/skycam_description/simple_tf_broadcaster.py
[1.649s] -- Up-to-date: /home/mapy/skycam_ws/install/skycam_description/share/skycam_description/config
[1.649s] -- Up-to-date: /home/mapy/skycam_ws/install/skycam_description/share/skycam_description/config/config.rviz
[1.649s] -- Up-to-date: /home/mapy/skycam_ws/install/skycam_description/share/skycam_description/launch
[1.649s] -- Up-to-date: /home/mapy/skycam_ws/install/skycam_description/share/skycam_description/launch/debug_sphere.launch.py
[1.651s] -- Up-to-date: /home/mapy/skycam_ws/install/skycam_description/share/skycam_description/launch/display.launch.py
[1.652s] -- Up-to-date: /home/mapy/skycam_ws/install/skycam_description/share/skycam_description/launch/display_gazebo.launch.py
[1.654s] -- Up-to-date: /home/mapy/skycam_ws/install/skycam_description/share/skycam_description/launch/display_rviz.launch.py
[1.654s] -- Up-to-date: /home/mapy/skycam_ws/install/skycam_description/share/skycam_description/urdf
[1.654s] -- Up-to-date: /home/mapy/skycam_ws/install/skycam_description/share/skycam_description/urdf/skycam_rviz.xacro
[1.654s] -- Up-to-date: /home/mapy/skycam_ws/install/skycam_description/share/skycam_description/urdf/test.urdf
[1.655s] -- Up-to-date: /home/mapy/skycam_ws/install/skycam_description/share/skycam_description/urdf/skycam.urdf
[1.657s] -- Up-to-date: /home/mapy/skycam_ws/install/skycam_description/share/skycam_description/urdf/simple_sphere.xacro
[1.658s] -- Up-to-date: /home/mapy/skycam_ws/install/skycam_description/share/skycam_description/urdf/skycam.xacro
[1.660s] -- Up-to-date: /home/mapy/skycam_ws/install/skycam_description/share/skycam_description/urdf/skycam_gazebo.xacro
[1.661s] -- Up-to-date: /home/mapy/skycam_ws/install/skycam_description/share/skycam_description/worlds
[1.662s] -- Up-to-date: /home/mapy/skycam_ws/install/skycam_description/share/skycam_description/worlds/normal.world
[1.663s] -- Up-to-date: /home/mapy/skycam_ws/install/skycam_description/share/ament_index/resource_index/package_run_dependencies/skycam_description
[1.663s] -- Up-to-date: /home/mapy/skycam_ws/install/skycam_description/share/ament_index/resource_index/parent_prefix_path/skycam_description
[1.663s] -- Up-to-date: /home/mapy/skycam_ws/install/skycam_description/share/skycam_description/environment/ament_prefix_path.sh
[1.664s] -- Up-to-date: /home/mapy/skycam_ws/install/skycam_description/share/skycam_description/environment/ament_prefix_path.dsv
[1.665s] -- Up-to-date: /home/mapy/skycam_ws/install/skycam_description/share/skycam_description/environment/path.sh
[1.665s] -- Up-to-date: /home/mapy/skycam_ws/install/skycam_description/share/skycam_description/environment/path.dsv
[1.665s] -- Up-to-date: /home/mapy/skycam_ws/install/skycam_description/share/skycam_description/local_setup.bash
[1.665s] -- Up-to-date: /home/mapy/skycam_ws/install/skycam_description/share/skycam_description/local_setup.sh
[1.666s] -- Up-to-date: /home/mapy/skycam_ws/install/skycam_description/share/skycam_description/local_setup.zsh
[1.666s] -- Up-to-date: /home/mapy/skycam_ws/install/skycam_description/share/skycam_description/local_setup.dsv
[1.666s] -- Installing: /home/mapy/skycam_ws/install/skycam_description/share/skycam_description/package.dsv
[1.666s] -- Up-to-date: /home/mapy/skycam_ws/install/skycam_description/share/ament_index/resource_index/packages/skycam_description
[1.666s] -- Up-to-date: /home/mapy/skycam_ws/install/skycam_description/share/skycam_description/cmake/skycam_descriptionConfig.cmake
[1.666s] -- Up-to-date: /home/mapy/skycam_ws/install/skycam_description/share/skycam_description/cmake/skycam_descriptionConfig-version.cmake
[1.666s] -- Up-to-date: /home/mapy/skycam_ws/install/skycam_description/share/skycam_description/package.xml
[1.671s] Invoked command in '/home/mapy/skycam_ws/build/skycam_description' returned '0': CMAKE_PREFIX_PATH=${CMAKE_PREFIX_PATH}:/home/mapy/skycam_ws/install/skycam_control:/opt/ros/humble /usr/bin/cmake --install /home/mapy/skycam_ws/build/skycam_description
