[0.854s] Invoking command in '/home/mapy/skycam_ws/src/skycam_control': PYTHONPATH=/home/mapy/skycam_ws/build/skycam_control/prefix_override:/usr/lib/python3/dist-packages/colcon_core/task/python/colcon_distutils_commands:/home/mapy/skycam_ws/install/skycam_control/lib/python3.10/site-packages:${PYTHONPATH} /usr/bin/python3 -W ignore:setup.py install is deprecated -W ignore:easy_install command is deprecated setup.py egg_info --egg-base ../../build/skycam_control build --build-base /home/mapy/skycam_ws/build/skycam_control/build install --record /home/mapy/skycam_ws/build/skycam_control/install.log --single-version-externally-managed install_data
[1.165s] running egg_info
[1.165s] writing ../../build/skycam_control/skycam_control.egg-info/PKG-INFO
[1.166s] writing dependency_links to ../../build/skycam_control/skycam_control.egg-info/dependency_links.txt
[1.166s] writing entry points to ../../build/skycam_control/skycam_control.egg-info/entry_points.txt
[1.166s] writing requirements to ../../build/skycam_control/skycam_control.egg-info/requires.txt
[1.166s] writing top-level names to ../../build/skycam_control/skycam_control.egg-info/top_level.txt
[1.169s] reading manifest file '../../build/skycam_control/skycam_control.egg-info/SOURCES.txt'
[1.170s] writing manifest file '../../build/skycam_control/skycam_control.egg-info/SOURCES.txt'
[1.170s] running build
[1.170s] running build_py
[1.171s] copying skycam_control/skycam_ai_tracker.py -> /home/mapy/skycam_ws/build/skycam_control/build/lib/skycam_control
[1.171s] running install
[1.172s] running install_lib
[1.173s] copying /home/mapy/skycam_ws/build/skycam_control/build/lib/skycam_control/skycam_ai_tracker.py -> /home/mapy/skycam_ws/install/skycam_control/lib/python3.10/site-packages/skycam_control
[1.174s] byte-compiling /home/mapy/skycam_ws/install/skycam_control/lib/python3.10/site-packages/skycam_control/skycam_ai_tracker.py to skycam_ai_tracker.cpython-310.pyc
[1.175s] running install_data
[1.176s] running install_egg_info
[1.178s] removing '/home/mapy/skycam_ws/install/skycam_control/lib/python3.10/site-packages/skycam_control-0.0.0-py3.10.egg-info' (and everything under it)
[1.178s] Copying ../../build/skycam_control/skycam_control.egg-info to /home/mapy/skycam_ws/install/skycam_control/lib/python3.10/site-packages/skycam_control-0.0.0-py3.10.egg-info
[1.179s] running install_scripts
[1.201s] Installing ball_mover script to /home/mapy/skycam_ws/install/skycam_control/lib/skycam_control
[1.201s] Installing skycam_ai_tracker script to /home/mapy/skycam_ws/install/skycam_control/lib/skycam_control
[1.202s] Installing skycam_cable_1 script to /home/mapy/skycam_ws/install/skycam_control/lib/skycam_control
[1.202s] Installing skycam_commander script to /home/mapy/skycam_ws/install/skycam_control/lib/skycam_control
[1.202s] Installing skycam_controller script to /home/mapy/skycam_ws/install/skycam_control/lib/skycam_control
[1.202s] Installing skycam_dynamics script to /home/mapy/skycam_ws/install/skycam_control/lib/skycam_control
[1.202s] Installing skycam_force_test script to /home/mapy/skycam_ws/install/skycam_control/lib/skycam_control
[1.202s] Installing skycam_four_cables script to /home/mapy/skycam_ws/install/skycam_control/lib/skycam_control
[1.202s] Installing skycam_goal_sender script to /home/mapy/skycam_ws/install/skycam_control/lib/skycam_control
[1.202s] Installing skycam_trajectory_planner script to /home/mapy/skycam_ws/install/skycam_control/lib/skycam_control
[1.203s] writing list of installed files to '/home/mapy/skycam_ws/build/skycam_control/install.log'
[1.240s] Invoked command in '/home/mapy/skycam_ws/src/skycam_control' returned '0': PYTHONPATH=/home/mapy/skycam_ws/build/skycam_control/prefix_override:/usr/lib/python3/dist-packages/colcon_core/task/python/colcon_distutils_commands:/home/mapy/skycam_ws/install/skycam_control/lib/python3.10/site-packages:${PYTHONPATH} /usr/bin/python3 -W ignore:setup.py install is deprecated -W ignore:easy_install command is deprecated setup.py egg_info --egg-base ../../build/skycam_control build --build-base /home/mapy/skycam_ws/build/skycam_control/build install --record /home/mapy/skycam_ws/build/skycam_control/install.log --single-version-externally-managed install_data
