[0.129s] DEBUG:colcon:Command line arguments: ['/usr/bin/colcon', 'build']
[0.129s] DEBUG:colcon:Parsed command line arguments: Namespace(log_base=None, log_level=None, verb_name='build', build_base='build', install_base='install', merge_install=False, symlink_install=False, test_result_base=None, continue_on_error=False, executor='parallel', parallel_workers=4, event_handlers=None, ignore_user_meta=False, metas=['./colcon.meta'], base_paths=['.'], packages_ignore=None, packages_ignore_regex=None, paths=None, packages_up_to=None, packages_up_to_regex=None, packages_above=None, packages_above_and_dependencies=None, packages_above_depth=None, packages_select_by_dep=None, packages_skip_by_dep=None, packages_skip_up_to=None, packages_select_build_failed=False, packages_skip_build_finished=False, packages_select_test_failures=False, packages_skip_test_passed=False, packages_select=None, packages_skip=None, packages_select_regex=None, packages_skip_regex=None, packages_start=None, packages_end=None, allow_overriding=[], cmake_args=None, cmake_target=None, cmake_target_skip_unavailable=False, cmake_clean_cache=False, cmake_clean_first=False, cmake_force_configure=False, ament_cmake_args=None, catkin_cmake_args=None, catkin_skip_building_tests=False, mixin_files=None, mixin=None, verb_parser=<colcon_mixin.mixin.mixin_argument.MixinArgumentDecorator object at 0x7790f6b6bfa0>, verb_extension=<colcon_core.verb.build.BuildVerb object at 0x7790f6b6baf0>, main=<bound method BuildVerb.main of <colcon_core.verb.build.BuildVerb object at 0x7790f6b6baf0>>, mixin_verb=('build',))
[0.333s] Level 1:colcon.colcon_core.package_discovery:discover_packages(colcon_meta) check parameters
[0.333s] Level 1:colcon.colcon_core.package_discovery:discover_packages(recursive) check parameters
[0.333s] Level 1:colcon.colcon_core.package_discovery:discover_packages(ignore) check parameters
[0.333s] Level 1:colcon.colcon_core.package_discovery:discover_packages(path) check parameters
[0.333s] Level 1:colcon.colcon_core.package_discovery:discover_packages(colcon_meta) discover
[0.333s] Level 1:colcon.colcon_core.package_discovery:discover_packages(recursive) discover
[0.333s] INFO:colcon.colcon_core.package_discovery:Crawling recursively for packages in '/home/mapy/skycam_ws'
[0.333s] Level 1:colcon.colcon_core.package_identification:_identify(.) by extensions ['ignore', 'ignore_ament_install']
[0.333s] Level 1:colcon.colcon_core.package_identification:_identify(.) by extension 'ignore'
[0.333s] Level 1:colcon.colcon_core.package_identification:_identify(.) by extension 'ignore_ament_install'
[0.334s] Level 1:colcon.colcon_core.package_identification:_identify(.) by extensions ['colcon_pkg']
[0.334s] Level 1:colcon.colcon_core.package_identification:_identify(.) by extension 'colcon_pkg'
[0.334s] Level 1:colcon.colcon_core.package_identification:_identify(.) by extensions ['colcon_meta']
[0.334s] Level 1:colcon.colcon_core.package_identification:_identify(.) by extension 'colcon_meta'
[0.334s] Level 1:colcon.colcon_core.package_identification:_identify(.) by extensions ['ros']
[0.334s] Level 1:colcon.colcon_core.package_identification:_identify(.) by extension 'ros'
[0.356s] Level 1:colcon.colcon_core.package_identification:_identify(.) by extensions ['cmake', 'python']
[0.356s] Level 1:colcon.colcon_core.package_identification:_identify(.) by extension 'cmake'
[0.356s] Level 1:colcon.colcon_core.package_identification:_identify(.) by extension 'python'
[0.356s] Level 1:colcon.colcon_core.package_identification:_identify(.) by extensions ['python_setup_py']
[0.356s] Level 1:colcon.colcon_core.package_identification:_identify(.) by extension 'python_setup_py'
[0.357s] Level 1:colcon.colcon_core.package_identification:_identify(build) by extensions ['ignore', 'ignore_ament_install']
[0.357s] Level 1:colcon.colcon_core.package_identification:_identify(build) by extension 'ignore'
[0.357s] Level 1:colcon.colcon_core.package_identification:_identify(build) ignored
[0.357s] Level 1:colcon.colcon_core.package_identification:_identify(install) by extensions ['ignore', 'ignore_ament_install']
[0.357s] Level 1:colcon.colcon_core.package_identification:_identify(install) by extension 'ignore'
[0.357s] Level 1:colcon.colcon_core.package_identification:_identify(install) ignored
[0.358s] Level 1:colcon.colcon_core.package_identification:_identify(log) by extensions ['ignore', 'ignore_ament_install']
[0.358s] Level 1:colcon.colcon_core.package_identification:_identify(log) by extension 'ignore'
[0.358s] Level 1:colcon.colcon_core.package_identification:_identify(log) ignored
[0.358s] Level 1:colcon.colcon_core.package_identification:_identify(papers) by extensions ['ignore', 'ignore_ament_install']
[0.358s] Level 1:colcon.colcon_core.package_identification:_identify(papers) by extension 'ignore'
[0.358s] Level 1:colcon.colcon_core.package_identification:_identify(papers) by extension 'ignore_ament_install'
[0.358s] Level 1:colcon.colcon_core.package_identification:_identify(papers) by extensions ['colcon_pkg']
[0.358s] Level 1:colcon.colcon_core.package_identification:_identify(papers) by extension 'colcon_pkg'
[0.358s] Level 1:colcon.colcon_core.package_identification:_identify(papers) by extensions ['colcon_meta']
[0.358s] Level 1:colcon.colcon_core.package_identification:_identify(papers) by extension 'colcon_meta'
[0.358s] Level 1:colcon.colcon_core.package_identification:_identify(papers) by extensions ['ros']
[0.358s] Level 1:colcon.colcon_core.package_identification:_identify(papers) by extension 'ros'
[0.358s] Level 1:colcon.colcon_core.package_identification:_identify(papers) by extensions ['cmake', 'python']
[0.358s] Level 1:colcon.colcon_core.package_identification:_identify(papers) by extension 'cmake'
[0.359s] Level 1:colcon.colcon_core.package_identification:_identify(papers) by extension 'python'
[0.359s] Level 1:colcon.colcon_core.package_identification:_identify(papers) by extensions ['python_setup_py']
[0.359s] Level 1:colcon.colcon_core.package_identification:_identify(papers) by extension 'python_setup_py'
[0.359s] Level 1:colcon.colcon_core.package_identification:_identify(photos) by extensions ['ignore', 'ignore_ament_install']
[0.359s] Level 1:colcon.colcon_core.package_identification:_identify(photos) by extension 'ignore'
[0.359s] Level 1:colcon.colcon_core.package_identification:_identify(photos) by extension 'ignore_ament_install'
[0.359s] Level 1:colcon.colcon_core.package_identification:_identify(photos) by extensions ['colcon_pkg']
[0.359s] Level 1:colcon.colcon_core.package_identification:_identify(photos) by extension 'colcon_pkg'
[0.359s] Level 1:colcon.colcon_core.package_identification:_identify(photos) by extensions ['colcon_meta']
[0.359s] Level 1:colcon.colcon_core.package_identification:_identify(photos) by extension 'colcon_meta'
[0.359s] Level 1:colcon.colcon_core.package_identification:_identify(photos) by extensions ['ros']
[0.359s] Level 1:colcon.colcon_core.package_identification:_identify(photos) by extension 'ros'
[0.359s] Level 1:colcon.colcon_core.package_identification:_identify(photos) by extensions ['cmake', 'python']
[0.359s] Level 1:colcon.colcon_core.package_identification:_identify(photos) by extension 'cmake'
[0.359s] Level 1:colcon.colcon_core.package_identification:_identify(photos) by extension 'python'
[0.359s] Level 1:colcon.colcon_core.package_identification:_identify(photos) by extensions ['python_setup_py']
[0.359s] Level 1:colcon.colcon_core.package_identification:_identify(photos) by extension 'python_setup_py'
[0.360s] Level 1:colcon.colcon_core.package_identification:_identify(src) by extensions ['ignore', 'ignore_ament_install']
[0.360s] Level 1:colcon.colcon_core.package_identification:_identify(src) by extension 'ignore'
[0.360s] Level 1:colcon.colcon_core.package_identification:_identify(src) by extension 'ignore_ament_install'
[0.360s] Level 1:colcon.colcon_core.package_identification:_identify(src) by extensions ['colcon_pkg']
[0.360s] Level 1:colcon.colcon_core.package_identification:_identify(src) by extension 'colcon_pkg'
[0.360s] Level 1:colcon.colcon_core.package_identification:_identify(src) by extensions ['colcon_meta']
[0.360s] Level 1:colcon.colcon_core.package_identification:_identify(src) by extension 'colcon_meta'
[0.360s] Level 1:colcon.colcon_core.package_identification:_identify(src) by extensions ['ros']
[0.360s] Level 1:colcon.colcon_core.package_identification:_identify(src) by extension 'ros'
[0.360s] Level 1:colcon.colcon_core.package_identification:_identify(src) by extensions ['cmake', 'python']
[0.360s] Level 1:colcon.colcon_core.package_identification:_identify(src) by extension 'cmake'
[0.360s] Level 1:colcon.colcon_core.package_identification:_identify(src) by extension 'python'
[0.360s] Level 1:colcon.colcon_core.package_identification:_identify(src) by extensions ['python_setup_py']
[0.360s] Level 1:colcon.colcon_core.package_identification:_identify(src) by extension 'python_setup_py'
[0.360s] Level 1:colcon.colcon_core.package_identification:_identify(src/skycam_control) by extensions ['ignore', 'ignore_ament_install']
[0.361s] Level 1:colcon.colcon_core.package_identification:_identify(src/skycam_control) by extension 'ignore'
[0.361s] Level 1:colcon.colcon_core.package_identification:_identify(src/skycam_control) by extension 'ignore_ament_install'
[0.361s] Level 1:colcon.colcon_core.package_identification:_identify(src/skycam_control) by extensions ['colcon_pkg']
[0.361s] Level 1:colcon.colcon_core.package_identification:_identify(src/skycam_control) by extension 'colcon_pkg'
[0.361s] Level 1:colcon.colcon_core.package_identification:_identify(src/skycam_control) by extensions ['colcon_meta']
[0.361s] Level 1:colcon.colcon_core.package_identification:_identify(src/skycam_control) by extension 'colcon_meta'
[0.361s] Level 1:colcon.colcon_core.package_identification:_identify(src/skycam_control) by extensions ['ros']
[0.361s] Level 1:colcon.colcon_core.package_identification:_identify(src/skycam_control) by extension 'ros'
[0.364s] DEBUG:colcon.colcon_core.package_identification:Package 'src/skycam_control' with type 'ros.ament_python' and name 'skycam_control'
[0.364s] Level 1:colcon.colcon_core.package_identification:_identify(src/skycam_description) by extensions ['ignore', 'ignore_ament_install']
[0.364s] Level 1:colcon.colcon_core.package_identification:_identify(src/skycam_description) by extension 'ignore'
[0.364s] Level 1:colcon.colcon_core.package_identification:_identify(src/skycam_description) by extension 'ignore_ament_install'
[0.364s] Level 1:colcon.colcon_core.package_identification:_identify(src/skycam_description) by extensions ['colcon_pkg']
[0.364s] Level 1:colcon.colcon_core.package_identification:_identify(src/skycam_description) by extension 'colcon_pkg'
[0.364s] Level 1:colcon.colcon_core.package_identification:_identify(src/skycam_description) by extensions ['colcon_meta']
[0.364s] Level 1:colcon.colcon_core.package_identification:_identify(src/skycam_description) by extension 'colcon_meta'
[0.364s] Level 1:colcon.colcon_core.package_identification:_identify(src/skycam_description) by extensions ['ros']
[0.364s] Level 1:colcon.colcon_core.package_identification:_identify(src/skycam_description) by extension 'ros'
[0.365s] DEBUG:colcon.colcon_core.package_identification:Package 'src/skycam_description' with type 'ros.ament_cmake' and name 'skycam_description'
[0.365s] Level 1:colcon.colcon_core.package_discovery:discover_packages(recursive) using defaults
[0.365s] Level 1:colcon.colcon_core.package_discovery:discover_packages(ignore) discover
[0.365s] Level 1:colcon.colcon_core.package_discovery:discover_packages(ignore) using defaults
[0.365s] Level 1:colcon.colcon_core.package_discovery:discover_packages(path) discover
[0.365s] Level 1:colcon.colcon_core.package_discovery:discover_packages(path) using defaults
[0.386s] Level 1:colcon.colcon_core.package_discovery:discover_packages(prefix_path) check parameters
[0.386s] Level 1:colcon.colcon_core.package_discovery:discover_packages(prefix_path) discover
[0.388s] DEBUG:colcon.colcon_installed_package_information.package_discovery:Found 2 installed packages in /home/mapy/skycam_ws/install
[0.390s] DEBUG:colcon.colcon_installed_package_information.package_discovery:Found 486 installed packages in /opt/ros/humble
[0.393s] Level 1:colcon.colcon_core.package_discovery:discover_packages(prefix_path) using defaults
[0.458s] Level 5:colcon.colcon_core.verb:set package 'skycam_control' build argument 'cmake_args' from command line to 'None'
[0.458s] Level 5:colcon.colcon_core.verb:set package 'skycam_control' build argument 'cmake_target' from command line to 'None'
[0.459s] Level 5:colcon.colcon_core.verb:set package 'skycam_control' build argument 'cmake_target_skip_unavailable' from command line to 'False'
[0.459s] Level 5:colcon.colcon_core.verb:set package 'skycam_control' build argument 'cmake_clean_cache' from command line to 'False'
[0.459s] Level 5:colcon.colcon_core.verb:set package 'skycam_control' build argument 'cmake_clean_first' from command line to 'False'
[0.459s] Level 5:colcon.colcon_core.verb:set package 'skycam_control' build argument 'cmake_force_configure' from command line to 'False'
[0.459s] Level 5:colcon.colcon_core.verb:set package 'skycam_control' build argument 'ament_cmake_args' from command line to 'None'
[0.459s] Level 5:colcon.colcon_core.verb:set package 'skycam_control' build argument 'catkin_cmake_args' from command line to 'None'
[0.459s] Level 5:colcon.colcon_core.verb:set package 'skycam_control' build argument 'catkin_skip_building_tests' from command line to 'False'
[0.459s] DEBUG:colcon.colcon_core.verb:Building package 'skycam_control' with the following arguments: {'ament_cmake_args': None, 'build_base': '/home/mapy/skycam_ws/build/skycam_control', 'catkin_cmake_args': None, 'catkin_skip_building_tests': False, 'cmake_args': None, 'cmake_clean_cache': False, 'cmake_clean_first': False, 'cmake_force_configure': False, 'cmake_target': None, 'cmake_target_skip_unavailable': False, 'install_base': '/home/mapy/skycam_ws/install/skycam_control', 'merge_install': False, 'path': '/home/mapy/skycam_ws/src/skycam_control', 'symlink_install': False, 'test_result_base': None}
[0.459s] Level 5:colcon.colcon_core.verb:set package 'skycam_description' build argument 'cmake_args' from command line to 'None'
[0.459s] Level 5:colcon.colcon_core.verb:set package 'skycam_description' build argument 'cmake_target' from command line to 'None'
[0.459s] Level 5:colcon.colcon_core.verb:set package 'skycam_description' build argument 'cmake_target_skip_unavailable' from command line to 'False'
[0.459s] Level 5:colcon.colcon_core.verb:set package 'skycam_description' build argument 'cmake_clean_cache' from command line to 'False'
[0.459s] Level 5:colcon.colcon_core.verb:set package 'skycam_description' build argument 'cmake_clean_first' from command line to 'False'
[0.459s] Level 5:colcon.colcon_core.verb:set package 'skycam_description' build argument 'cmake_force_configure' from command line to 'False'
[0.459s] Level 5:colcon.colcon_core.verb:set package 'skycam_description' build argument 'ament_cmake_args' from command line to 'None'
[0.459s] Level 5:colcon.colcon_core.verb:set package 'skycam_description' build argument 'catkin_cmake_args' from command line to 'None'
[0.459s] Level 5:colcon.colcon_core.verb:set package 'skycam_description' build argument 'catkin_skip_building_tests' from command line to 'False'
[0.459s] DEBUG:colcon.colcon_core.verb:Building package 'skycam_description' with the following arguments: {'ament_cmake_args': None, 'build_base': '/home/mapy/skycam_ws/build/skycam_description', 'catkin_cmake_args': None, 'catkin_skip_building_tests': False, 'cmake_args': None, 'cmake_clean_cache': False, 'cmake_clean_first': False, 'cmake_force_configure': False, 'cmake_target': None, 'cmake_target_skip_unavailable': False, 'install_base': '/home/mapy/skycam_ws/install/skycam_description', 'merge_install': False, 'path': '/home/mapy/skycam_ws/src/skycam_description', 'symlink_install': False, 'test_result_base': None}
[0.460s] INFO:colcon.colcon_core.executor:Executing jobs using 'parallel' executor
[0.461s] DEBUG:colcon.colcon_parallel_executor.executor.parallel:run_until_complete
[0.462s] INFO:colcon.colcon_ros.task.ament_python.build:Building ROS package in '/home/mapy/skycam_ws/src/skycam_control' with build type 'ament_python'
[0.462s] Level 1:colcon.colcon_core.shell:create_environment_hook('skycam_control', 'ament_prefix_path')
[0.464s] INFO:colcon.colcon_core.plugin_system:Skipping extension 'colcon_core.shell.bat': Not used on non-Windows systems
[0.464s] INFO:colcon.colcon_core.shell:Creating environment hook '/home/mapy/skycam_ws/install/skycam_control/share/skycam_control/hook/ament_prefix_path.ps1'
[0.465s] INFO:colcon.colcon_core.shell:Creating environment descriptor '/home/mapy/skycam_ws/install/skycam_control/share/skycam_control/hook/ament_prefix_path.dsv'
[0.465s] INFO:colcon.colcon_core.shell:Creating environment hook '/home/mapy/skycam_ws/install/skycam_control/share/skycam_control/hook/ament_prefix_path.sh'
[0.466s] INFO:colcon.colcon_core.shell:Skip shell extension 'powershell' for command environment: Not usable outside of PowerShell
[0.467s] DEBUG:colcon.colcon_core.shell:Skip shell extension 'dsv' for command environment
[0.472s] INFO:colcon.colcon_ros.task.ament_cmake.build:Building ROS package in '/home/mapy/skycam_ws/src/skycam_description' with build type 'ament_cmake'
[0.473s] INFO:colcon.colcon_cmake.task.cmake.build:Building CMake package in '/home/mapy/skycam_ws/src/skycam_description'
[0.473s] INFO:colcon.colcon_core.shell:Skip shell extension 'powershell' for command environment: Not usable outside of PowerShell
[0.473s] DEBUG:colcon.colcon_core.shell:Skip shell extension 'dsv' for command environment
[0.826s] INFO:colcon.colcon_core.task.python.build:Building Python package in '/home/mapy/skycam_ws/src/skycam_control'
[0.826s] INFO:colcon.colcon_core.shell:Skip shell extension 'powershell' for command environment: Not usable outside of PowerShell
[0.826s] DEBUG:colcon.colcon_core.shell:Skip shell extension 'dsv' for command environment
[0.836s] DEBUG:colcon.colcon_core.event_handler.log_command:Invoking command in '/home/mapy/skycam_ws/build/skycam_description': CMAKE_PREFIX_PATH=${CMAKE_PREFIX_PATH}:/home/mapy/skycam_ws/install/skycam_control:/opt/ros/humble /usr/bin/cmake --build /home/mapy/skycam_ws/build/skycam_description -- -j4 -l4
[0.884s] DEBUG:colcon.colcon_core.event_handler.log_command:Invoked command in '/home/mapy/skycam_ws/build/skycam_description' returned '0': CMAKE_PREFIX_PATH=${CMAKE_PREFIX_PATH}:/home/mapy/skycam_ws/install/skycam_control:/opt/ros/humble /usr/bin/cmake --build /home/mapy/skycam_ws/build/skycam_description -- -j4 -l4
[0.898s] DEBUG:colcon.colcon_core.event_handler.log_command:Invoking command in '/home/mapy/skycam_ws/build/skycam_description': CMAKE_PREFIX_PATH=${CMAKE_PREFIX_PATH}:/home/mapy/skycam_ws/install/skycam_control:/opt/ros/humble /usr/bin/cmake --install /home/mapy/skycam_ws/build/skycam_description
[0.913s] Level 1:colcon.colcon_core.environment:create_environment_scripts_only(skycam_description)
[0.916s] Level 1:colcon.colcon_core.environment:checking '/home/mapy/skycam_ws/install/skycam_description' for CMake module files
[0.916s] DEBUG:colcon.colcon_core.event_handler.log_command:Invoked command in '/home/mapy/skycam_ws/build/skycam_description' returned '0': CMAKE_PREFIX_PATH=${CMAKE_PREFIX_PATH}:/home/mapy/skycam_ws/install/skycam_control:/opt/ros/humble /usr/bin/cmake --install /home/mapy/skycam_ws/build/skycam_description
[0.917s] Level 1:colcon.colcon_core.environment:checking '/home/mapy/skycam_ws/install/skycam_description' for CMake config files
[0.917s] Level 1:colcon.colcon_core.shell:create_environment_hook('skycam_description', 'cmake_prefix_path')
[0.917s] INFO:colcon.colcon_core.shell:Creating environment hook '/home/mapy/skycam_ws/install/skycam_description/share/skycam_description/hook/cmake_prefix_path.ps1'
[0.918s] INFO:colcon.colcon_core.shell:Creating environment descriptor '/home/mapy/skycam_ws/install/skycam_description/share/skycam_description/hook/cmake_prefix_path.dsv'
[0.918s] INFO:colcon.colcon_core.shell:Creating environment hook '/home/mapy/skycam_ws/install/skycam_description/share/skycam_description/hook/cmake_prefix_path.sh'
[0.919s] Level 1:colcon.colcon_core.environment:checking '/home/mapy/skycam_ws/install/skycam_description/lib'
[0.919s] Level 1:colcon.colcon_core.environment:checking '/home/mapy/skycam_ws/install/skycam_description/bin'
[0.920s] Level 1:colcon.colcon_core.environment:checking '/home/mapy/skycam_ws/install/skycam_description/lib/pkgconfig/skycam_description.pc'
[0.920s] Level 1:colcon.colcon_core.environment:checking '/home/mapy/skycam_ws/install/skycam_description/lib/python3.10/site-packages'
[0.920s] Level 1:colcon.colcon_core.environment:checking '/home/mapy/skycam_ws/install/skycam_description/bin'
[0.921s] INFO:colcon.colcon_core.shell:Creating package script '/home/mapy/skycam_ws/install/skycam_description/share/skycam_description/package.ps1'
[0.921s] INFO:colcon.colcon_core.shell:Creating package descriptor '/home/mapy/skycam_ws/install/skycam_description/share/skycam_description/package.dsv'
[0.922s] INFO:colcon.colcon_core.shell:Creating package script '/home/mapy/skycam_ws/install/skycam_description/share/skycam_description/package.sh'
[0.923s] INFO:colcon.colcon_core.shell:Creating package script '/home/mapy/skycam_ws/install/skycam_description/share/skycam_description/package.bash'
[0.924s] INFO:colcon.colcon_core.shell:Creating package script '/home/mapy/skycam_ws/install/skycam_description/share/skycam_description/package.zsh'
[0.925s] Level 1:colcon.colcon_core.environment:create_file_with_runtime_dependencies(/home/mapy/skycam_ws/install/skycam_description/share/colcon-core/packages/skycam_description)
[0.925s] Level 1:colcon.colcon_core.environment:create_environment_scripts_only(skycam_description)
[0.926s] Level 1:colcon.colcon_core.environment:checking '/home/mapy/skycam_ws/install/skycam_description' for CMake module files
[0.926s] Level 1:colcon.colcon_core.environment:checking '/home/mapy/skycam_ws/install/skycam_description' for CMake config files
[0.926s] Level 1:colcon.colcon_core.shell:create_environment_hook('skycam_description', 'cmake_prefix_path')
[0.927s] INFO:colcon.colcon_core.shell:Creating environment hook '/home/mapy/skycam_ws/install/skycam_description/share/skycam_description/hook/cmake_prefix_path.ps1'
[0.927s] INFO:colcon.colcon_core.shell:Creating environment descriptor '/home/mapy/skycam_ws/install/skycam_description/share/skycam_description/hook/cmake_prefix_path.dsv'
[0.928s] INFO:colcon.colcon_core.shell:Creating environment hook '/home/mapy/skycam_ws/install/skycam_description/share/skycam_description/hook/cmake_prefix_path.sh'
[0.928s] Level 1:colcon.colcon_core.environment:checking '/home/mapy/skycam_ws/install/skycam_description/lib'
[0.928s] Level 1:colcon.colcon_core.environment:checking '/home/mapy/skycam_ws/install/skycam_description/bin'
[0.929s] Level 1:colcon.colcon_core.environment:checking '/home/mapy/skycam_ws/install/skycam_description/lib/pkgconfig/skycam_description.pc'
[0.929s] Level 1:colcon.colcon_core.environment:checking '/home/mapy/skycam_ws/install/skycam_description/lib/python3.10/site-packages'
[0.929s] Level 1:colcon.colcon_core.environment:checking '/home/mapy/skycam_ws/install/skycam_description/bin'
[0.930s] INFO:colcon.colcon_core.shell:Creating package script '/home/mapy/skycam_ws/install/skycam_description/share/skycam_description/package.ps1'
[0.930s] INFO:colcon.colcon_core.shell:Creating package descriptor '/home/mapy/skycam_ws/install/skycam_description/share/skycam_description/package.dsv'
[0.931s] INFO:colcon.colcon_core.shell:Creating package script '/home/mapy/skycam_ws/install/skycam_description/share/skycam_description/package.sh'
[0.931s] INFO:colcon.colcon_core.shell:Creating package script '/home/mapy/skycam_ws/install/skycam_description/share/skycam_description/package.bash'
[0.932s] INFO:colcon.colcon_core.shell:Creating package script '/home/mapy/skycam_ws/install/skycam_description/share/skycam_description/package.zsh'
[0.932s] Level 1:colcon.colcon_core.environment:create_file_with_runtime_dependencies(/home/mapy/skycam_ws/install/skycam_description/share/colcon-core/packages/skycam_description)
[1.305s] DEBUG:colcon.colcon_core.event_handler.log_command:Invoking command in '/home/mapy/skycam_ws/src/skycam_control': PYTHONPATH=/home/mapy/skycam_ws/build/skycam_control/prefix_override:/usr/lib/python3/dist-packages/colcon_core/task/python/colcon_distutils_commands:/home/mapy/skycam_ws/install/skycam_control/lib/python3.10/site-packages:${PYTHONPATH} /usr/bin/python3 -W ignore:setup.py install is deprecated -W ignore:easy_install command is deprecated setup.py egg_info --egg-base ../../build/skycam_control build --build-base /home/mapy/skycam_ws/build/skycam_control/build install --record /home/mapy/skycam_ws/build/skycam_control/install.log --single-version-externally-managed install_data
[1.688s] Level 1:colcon.colcon_core.environment:checking '/home/mapy/skycam_ws/install/skycam_control' for CMake module files
[1.689s] DEBUG:colcon.colcon_core.event_handler.log_command:Invoked command in '/home/mapy/skycam_ws/src/skycam_control' returned '0': PYTHONPATH=/home/mapy/skycam_ws/build/skycam_control/prefix_override:/usr/lib/python3/dist-packages/colcon_core/task/python/colcon_distutils_commands:/home/mapy/skycam_ws/install/skycam_control/lib/python3.10/site-packages:${PYTHONPATH} /usr/bin/python3 -W ignore:setup.py install is deprecated -W ignore:easy_install command is deprecated setup.py egg_info --egg-base ../../build/skycam_control build --build-base /home/mapy/skycam_ws/build/skycam_control/build install --record /home/mapy/skycam_ws/build/skycam_control/install.log --single-version-externally-managed install_data
[1.689s] Level 1:colcon.colcon_core.environment:checking '/home/mapy/skycam_ws/install/skycam_control' for CMake config files
[1.690s] Level 1:colcon.colcon_core.environment:checking '/home/mapy/skycam_ws/install/skycam_control/lib'
[1.690s] Level 1:colcon.colcon_core.environment:checking '/home/mapy/skycam_ws/install/skycam_control/bin'
[1.690s] Level 1:colcon.colcon_core.environment:checking '/home/mapy/skycam_ws/install/skycam_control/lib/pkgconfig/skycam_control.pc'
[1.690s] Level 1:colcon.colcon_core.environment:checking '/home/mapy/skycam_ws/install/skycam_control/lib/python3.10/site-packages'
[1.690s] Level 1:colcon.colcon_core.shell:create_environment_hook('skycam_control', 'pythonpath')
[1.691s] INFO:colcon.colcon_core.shell:Creating environment hook '/home/mapy/skycam_ws/install/skycam_control/share/skycam_control/hook/pythonpath.ps1'
[1.691s] INFO:colcon.colcon_core.shell:Creating environment descriptor '/home/mapy/skycam_ws/install/skycam_control/share/skycam_control/hook/pythonpath.dsv'
[1.692s] INFO:colcon.colcon_core.shell:Creating environment hook '/home/mapy/skycam_ws/install/skycam_control/share/skycam_control/hook/pythonpath.sh'
[1.692s] Level 1:colcon.colcon_core.environment:checking '/home/mapy/skycam_ws/install/skycam_control/bin'
[1.693s] Level 1:colcon.colcon_core.environment:create_environment_scripts_only(skycam_control)
[1.693s] INFO:colcon.colcon_core.shell:Creating package script '/home/mapy/skycam_ws/install/skycam_control/share/skycam_control/package.ps1'
[1.694s] INFO:colcon.colcon_core.shell:Creating package descriptor '/home/mapy/skycam_ws/install/skycam_control/share/skycam_control/package.dsv'
[1.695s] INFO:colcon.colcon_core.shell:Creating package script '/home/mapy/skycam_ws/install/skycam_control/share/skycam_control/package.sh'
[1.695s] INFO:colcon.colcon_core.shell:Creating package script '/home/mapy/skycam_ws/install/skycam_control/share/skycam_control/package.bash'
[1.696s] INFO:colcon.colcon_core.shell:Creating package script '/home/mapy/skycam_ws/install/skycam_control/share/skycam_control/package.zsh'
[1.696s] Level 1:colcon.colcon_core.environment:create_file_with_runtime_dependencies(/home/mapy/skycam_ws/install/skycam_control/share/colcon-core/packages/skycam_control)
[1.697s] DEBUG:colcon.colcon_parallel_executor.executor.parallel:closing loop
[1.697s] DEBUG:colcon.colcon_parallel_executor.executor.parallel:loop closed
[1.697s] DEBUG:colcon.colcon_parallel_executor.executor.parallel:run_until_complete finished with '0'
[1.698s] DEBUG:colcon.colcon_core.event_reactor:joining thread
[1.703s] INFO:colcon.colcon_core.plugin_system:Skipping extension 'colcon_notification.desktop_notification.terminal_notifier': Not used on non-Darwin systems
[1.703s] INFO:colcon.colcon_core.plugin_system:Skipping extension 'colcon_notification.desktop_notification.win32': Not used on non-Windows systems
[1.703s] INFO:colcon.colcon_notification.desktop_notification:Sending desktop notification using 'notify2'
[1.718s] DEBUG:colcon.colcon_core.event_reactor:joined thread
[1.719s] INFO:colcon.colcon_core.shell:Creating prefix script '/home/mapy/skycam_ws/install/local_setup.ps1'
[1.720s] INFO:colcon.colcon_core.shell:Creating prefix util module '/home/mapy/skycam_ws/install/_local_setup_util_ps1.py'
[1.722s] INFO:colcon.colcon_core.shell:Creating prefix chain script '/home/mapy/skycam_ws/install/setup.ps1'
[1.724s] INFO:colcon.colcon_core.shell:Creating prefix script '/home/mapy/skycam_ws/install/local_setup.sh'
[1.724s] INFO:colcon.colcon_core.shell:Creating prefix util module '/home/mapy/skycam_ws/install/_local_setup_util_sh.py'
[1.725s] INFO:colcon.colcon_core.shell:Creating prefix chain script '/home/mapy/skycam_ws/install/setup.sh'
[1.726s] INFO:colcon.colcon_core.shell:Creating prefix script '/home/mapy/skycam_ws/install/local_setup.bash'
[1.727s] INFO:colcon.colcon_core.shell:Creating prefix chain script '/home/mapy/skycam_ws/install/setup.bash'
[1.730s] INFO:colcon.colcon_core.shell:Creating prefix script '/home/mapy/skycam_ws/install/local_setup.zsh'
[1.731s] INFO:colcon.colcon_core.shell:Creating prefix chain script '/home/mapy/skycam_ws/install/setup.zsh'
